{"level":"info","message":"API Gateway running on port http://localhost:3000","service":"user-service","timestamp":"2025-11-26T17:58:50.828Z"}
{"level":"info","message":"User Service running on port undefined","service":"user-service","timestamp":"2025-11-26T17:58:50.830Z"}
{"level":"info","message":"API Gateway running on port http://localhost:3000","service":"user-service","timestamp":"2025-11-26T18:00:47.358Z"}
{"level":"info","message":"User Service URL: http://localhost:3001","service":"user-service","timestamp":"2025-11-26T18:00:47.361Z"}
{"level":"info","message":"API Gateway running on port http://localhost:3000","service":"api-gateway","timestamp":"2025-11-26T18:04:46.721Z"}
{"level":"info","message":"User Service URL: http://localhost:3001","service":"api-gateway","timestamp":"2025-11-26T18:04:46.723Z"}
{"level":"info","message":"API Gateway running on port http://localhost:3000","service":"api-gateway","timestamp":"2025-11-26T18:05:05.558Z"}
{"level":"info","message":"User Service URL: http://localhost:3001","service":"api-gateway","timestamp":"2025-11-26T18:05:05.562Z"}
{"level":"info","message":"API Gateway running on port http://localhost:3000","service":"api-gateway","timestamp":"2025-11-26T18:05:12.511Z"}
{"level":"info","message":"User Service URL: http://localhost:3001","service":"api-gateway","timestamp":"2025-11-26T18:05:12.513Z"}
{"level":"info","message":"API Gateway running on port http://localhost:3000","service":"api-gateway","timestamp":"2025-11-26T18:05:14.250Z"}
{"level":"info","message":"User Service URL: http://localhost:3001","service":"api-gateway","timestamp":"2025-11-26T18:05:14.253Z"}
{"level":"info","message":"Redis URL: redis://localhost:6379","service":"api-gateway","timestamp":"2025-11-26T18:05:14.253Z"}
{"level":"info","message":"API Gateway running on port http://localhost:3000","service":"api-gateway","timestamp":"2025-11-26T18:07:12.339Z"}
{"level":"info","message":"User Service URL: http://localhost:3001","service":"api-gateway","timestamp":"2025-11-26T18:07:12.345Z"}
{"level":"info","message":"Redis URL: redis://localhost:6379","service":"api-gateway","timestamp":"2025-11-26T18:07:12.347Z"}
{"level":"info","message":"Recieved POST request to /v1/auth/register","service":"api-gateway","timestamp":"2025-11-26T18:10:05.548Z"}
{"level":"info","message":"Request body: {\"username\":\"gauravwaghmare\",\"email\":\"gauravwaghmare95032@gmail.com\",\"password\":\"123456789\"}","service":"api-gateway","timestamp":"2025-11-26T18:10:05.551Z"}
{"level":"info","message":"Response received from user service: {\"type\":\"Buffer\",\"data\":[123,34,115,117,99,99,101,115,115,34,58,116,114,117,101,44,34,109,101,115,115,97,103,101,34,58,34,82,101,103,105,115,116,114,97,116,105,111,110,32,115,117,99,99,101,115,115,102,117,108,46,34,44,34,97,99,99,101,115,115,84,111,107,101,110,34,58,34,101,121,74,104,98,71,99,105,79,105,74,73,85,122,73,49,78,105,73,115,73,110,82,53,99,67,73,54,73,107,112,88,86,67,74,57,46,101,121,74,102,97,87,81,105,79,105,73,50,79,84,73,51,78,68,73,51,90,68,65,120,77,122,85,51,90,71,82,105,77,50,81,119,79,84,73,119,90,68,81,105,76,67,74,49,99,50,86,121,98,109,70,116,90,83,73,54,73,109,100,104,100,88,74,104,100,110,100,104,90,50,104,116,89,88,74,108,73,105,119,105,90,87,49,104,97,87,119,105,79,105,74,110,89,88,86,121,89,88,90,51,89,87,100,111,98,87,70,121,90,84,107,49,77,68,77,121,81,71,100,116,89,87,108,115,76,109,78,118,98,83,73,115,73,109,108,104,100,67,73,54,77,84,99,50,78,68,69,52,77,68,89,119,78,83,119,105,90,88,104,119,73,106,111,120,78,122,89,48,77,84,103,120,78,84,65,49,102,81,46,49,79,111,87,119,78,106,118,84,68,79,119,122,87,81,73,69,79,50,95,117,67,75,106,98,90,56,122,83,121,57,69,48,66,45,68,97,84,76,106,45,65,103,34,44,34,117,115,101,114,34,58,123,34,95,105,100,34,58,34,54,57,50,55,52,50,55,100,48,49,51,53,55,100,100,98,51,100,48,57,50,48,100,52,34,44,34,117,115,101,114,110,97,109,101,34,58,34,103,97,117,114,97,118,119,97,103,104,109,97,114,101,34,44,34,101,109,97,105,108,34,58,34,103,97,117,114,97,118,119,97,103,104,109,97,114,101,57,53,48,51,50,64,103,109,97,105,108,46,99,111,109,34,125,125]}","service":"api-gateway","timestamp":"2025-11-26T18:10:06.043Z"}
{"level":"info","message":"API Gateway running on port http://localhost:3000","service":"api-gateway","timestamp":"2025-11-26T18:11:55.962Z"}
{"level":"info","message":"User Service URL: http://localhost:3001","service":"api-gateway","timestamp":"2025-11-26T18:11:55.964Z"}
{"level":"info","message":"Redis URL: redis://localhost:6379","service":"api-gateway","timestamp":"2025-11-26T18:11:55.965Z"}
{"level":"info","message":"API Gateway running on port http://localhost:3000","service":"api-gateway","timestamp":"2025-11-26T18:11:59.101Z"}
{"level":"info","message":"User Service URL: http://localhost:3001","service":"api-gateway","timestamp":"2025-11-26T18:11:59.103Z"}
{"level":"info","message":"Redis URL: redis://localhost:6379","service":"api-gateway","timestamp":"2025-11-26T18:11:59.104Z"}
{"level":"info","message":"API Gateway running on port http://localhost:3000","service":"api-gateway","timestamp":"2025-11-26T18:12:08.089Z"}
{"level":"info","message":"User Service URL: http://localhost:3001","service":"api-gateway","timestamp":"2025-11-26T18:12:08.092Z"}
{"level":"info","message":"Redis URL: redis://localhost:6379","service":"api-gateway","timestamp":"2025-11-26T18:12:08.093Z"}
{"level":"info","message":"API Gateway running on port http://localhost:3000","service":"api-gateway","timestamp":"2025-11-26T18:12:09.474Z"}
{"level":"info","message":"User Service URL: http://localhost:3001","service":"api-gateway","timestamp":"2025-11-26T18:12:09.477Z"}
{"level":"info","message":"Redis URL: redis://localhost:6379","service":"api-gateway","timestamp":"2025-11-26T18:12:09.478Z"}
{"level":"info","message":"Recieved POST request to /v1/auth/register","service":"api-gateway","timestamp":"2025-11-26T18:12:36.031Z"}
{"level":"info","message":"Request body: {\"username\":\"gauravwaghmare2\",\"email\":\"gauravwaghmare2@gmail.com\",\"password\":\"123456789\"}","service":"api-gateway","timestamp":"2025-11-26T18:12:36.033Z"}
{"level":"info","message":"Response received from user service: undefined","service":"api-gateway","timestamp":"2025-11-26T18:12:36.413Z"}
{"level":"info","message":"API Gateway running on port http://localhost:3000","service":"api-gateway","timestamp":"2025-11-26T18:12:59.567Z"}
{"level":"info","message":"User Service URL: http://localhost:3001","service":"api-gateway","timestamp":"2025-11-26T18:12:59.570Z"}
{"level":"info","message":"Redis URL: redis://localhost:6379","service":"api-gateway","timestamp":"2025-11-26T18:12:59.570Z"}
{"level":"info","message":"Recieved POST request to /v1/auth/register","service":"api-gateway","timestamp":"2025-11-26T18:13:02.677Z"}
{"level":"info","message":"Request body: {\"username\":\"gauravwaghmare2\",\"email\":\"gauravwaghmare2@gmail.com\",\"password\":\"123456789\"}","service":"api-gateway","timestamp":"2025-11-26T18:13:02.678Z"}
{"level":"info","message":"Response received from user service: {\"type\":\"Buffer\",\"data\":[123,34,115,117,99,99,101,115,115,34,58,102,97,108,115,101,44,34,109,101,115,115,97,103,101,34,58,34,85,115,101,114,110,97,109,101,32,111,114,32,101,109,97,105,108,32,97,108,114,101,97,100,121,32,105,110,32,117,115,101,34,125]}","service":"api-gateway","timestamp":"2025-11-26T18:13:02.768Z"}
{"level":"info","message":"Recieved POST request to /v1/auth/register","service":"api-gateway","timestamp":"2025-11-26T18:13:55.828Z"}
{"level":"info","message":"Request body: {\"username\":\"gauravwaghmare2\",\"email\":\"gauravwaghmare2@gmail.com\",\"password\":\"123456789\"}","service":"api-gateway","timestamp":"2025-11-26T18:13:55.829Z"}
{"level":"info","message":"Response received from user service: {\"type\":\"Buffer\",\"data\":[123,34,115,117,99,99,101,115,115,34,58,102,97,108,115,101,44,34,109,101,115,115,97,103,101,34,58,34,85,115,101,114,110,97,109,101,32,111,114,32,101,109,97,105,108,32,97,108,114,101,97,100,121,32,105,110,32,117,115,101,34,125]}","service":"api-gateway","timestamp":"2025-11-26T18:13:55.893Z"}
{"level":"info","message":"Recieved POST request to /v1/auth/register","service":"api-gateway","timestamp":"2025-11-26T18:13:57.059Z"}
{"level":"info","message":"Request body: {\"username\":\"gauravwaghmare2\",\"email\":\"gauravwaghmare2@gmail.com\",\"password\":\"123456789\"}","service":"api-gateway","timestamp":"2025-11-26T18:13:57.060Z"}
{"level":"info","message":"Response received from user service: {\"type\":\"Buffer\",\"data\":[123,34,115,117,99,99,101,115,115,34,58,102,97,108,115,101,44,34,109,101,115,115,97,103,101,34,58,34,85,115,101,114,110,97,109,101,32,111,114,32,101,109,97,105,108,32,97,108,114,101,97,100,121,32,105,110,32,117,115,101,34,125]}","service":"api-gateway","timestamp":"2025-11-26T18:13:57.112Z"}
{"level":"info","message":"API Gateway running on port http://localhost:3000","service":"api-gateway","timestamp":"2025-11-26T18:14:25.393Z"}
{"level":"info","message":"User Service URL: http://localhost:3001","service":"api-gateway","timestamp":"2025-11-26T18:14:25.397Z"}
{"level":"info","message":"Redis URL: redis://localhost:6379","service":"api-gateway","timestamp":"2025-11-26T18:14:25.398Z"}
{"level":"info","message":"Recieved POST request to /v1/auth/register","service":"api-gateway","timestamp":"2025-11-26T18:14:37.902Z"}
{"level":"info","message":"Request body: {\"username\":\"gauravwaghmare3\",\"email\":\"gauravwaghmare3@gmail.com\",\"password\":\"123456789\"}","service":"api-gateway","timestamp":"2025-11-26T18:14:37.903Z"}
{"level":"error","message":"Proxy error: ","service":"api-gateway","timestamp":"2025-11-26T18:14:37.918Z"}
