{"level":"info","message":"User Server running on port http://localhost:3001","service":"user>>-service","timestamp":"2025-11-26T15:08:44.919Z"}
{"error":{"cause":{"commonWireVersion":0,"compatible":true,"heartbeatFrequencyMS":10000,"localThresholdMS":15,"logicalSessionTimeoutMinutes":null,"maxElectionId":null,"maxSetVersion":null,"servers":{"ac-qpxx9sc-shard-00-00.oxtp9oi.mongodb.net:27017":{"$clusterTime":null,"address":"ac-qpxx9sc-shard-00-00.oxtp9oi.mongodb.net:27017","arbiters":[],"electionId":null,"error":{"beforeHandshake":false,"errorLabelSet":{}},"hosts":[],"iscryptd":false,"lastUpdateTime":6014259,"lastWriteDate":0,"logicalSessionTimeoutMinutes":null,"maxBsonObjectSize":null,"maxMessageSizeBytes":null,"maxWireVersion":0,"maxWriteBatchSize":null,"me":null,"minRoundTripTime":0,"minWireVersion":0,"passives":[],"primary":null,"roundTripTime":-1,"setName":null,"setVersion":null,"tags":{},"topologyVersion":null,"type":"Unknown"},"ac-qpxx9sc-shard-00-01.oxtp9oi.mongodb.net:27017":{"$clusterTime":null,"address":"ac-qpxx9sc-shard-00-01.oxtp9oi.mongodb.net:27017","arbiters":[],"electionId":null,"error":{"beforeHandshake":false,"errorLabelSet":{}},"hosts":[],"iscryptd":false,"lastUpdateTime":6014312,"lastWriteDate":0,"logicalSessionTimeoutMinutes":null,"maxBsonObjectSize":null,"maxMessageSizeBytes":null,"maxWireVersion":0,"maxWriteBatchSize":null,"me":null,"minRoundTripTime":0,"minWireVersion":0,"passives":[],"primary":null,"roundTripTime":-1,"setName":null,"setVersion":null,"tags":{},"topologyVersion":null,"type":"Unknown"},"ac-qpxx9sc-shard-00-02.oxtp9oi.mongodb.net:27017":{"$clusterTime":null,"address":"ac-qpxx9sc-shard-00-02.oxtp9oi.mongodb.net:27017","arbiters":[],"electionId":null,"error":{"beforeHandshake":false,"errorLabelSet":{}},"hosts":[],"iscryptd":false,"lastUpdateTime":6014482,"lastWriteDate":0,"logicalSessionTimeoutMinutes":null,"maxBsonObjectSize":null,"maxMessageSizeBytes":null,"maxWireVersion":0,"maxWriteBatchSize":null,"me":null,"minRoundTripTime":0,"minWireVersion":0,"passives":[],"primary":null,"roundTripTime":-1,"setName":null,"setVersion":null,"tags":{},"topologyVersion":null,"type":"Unknown"}},"setName":"atlas-bk115j-shard-0","stale":false,"type":"ReplicaSetNoPrimary"},"errorLabelSet":{},"message":"Could not connect to any servers in your MongoDB Atlas cluster. One common reason is that you're trying to access the database from an IP that isn't whitelisted. Make sure your current IP address is on your Atlas cluster's IP whitelist: https://www.mongodb.com/docs/atlas/security-whitelist/","reason":{"commonWireVersion":0,"compatible":true,"heartbeatFrequencyMS":10000,"localThresholdMS":15,"logicalSessionTimeoutMinutes":null,"maxElectionId":null,"maxSetVersion":null,"servers":{"ac-qpxx9sc-shard-00-00.oxtp9oi.mongodb.net:27017":{"$clusterTime":null,"address":"ac-qpxx9sc-shard-00-00.oxtp9oi.mongodb.net:27017","arbiters":[],"electionId":null,"error":{"beforeHandshake":false,"errorLabelSet":{}},"hosts":[],"iscryptd":false,"lastUpdateTime":6014259,"lastWriteDate":0,"logicalSessionTimeoutMinutes":null,"maxBsonObjectSize":null,"maxMessageSizeBytes":null,"maxWireVersion":0,"maxWriteBatchSize":null,"me":null,"minRoundTripTime":0,"minWireVersion":0,"passives":[],"primary":null,"roundTripTime":-1,"setName":null,"setVersion":null,"tags":{},"topologyVersion":null,"type":"Unknown"},"ac-qpxx9sc-shard-00-01.oxtp9oi.mongodb.net:27017":{"$clusterTime":null,"address":"ac-qpxx9sc-shard-00-01.oxtp9oi.mongodb.net:27017","arbiters":[],"electionId":null,"error":{"beforeHandshake":false,"errorLabelSet":{}},"hosts":[],"iscryptd":false,"lastUpdateTime":6014312,"lastWriteDate":0,"logicalSessionTimeoutMinutes":null,"maxBsonObjectSize":null,"maxMessageSizeBytes":null,"maxWireVersion":0,"maxWriteBatchSize":null,"me":null,"minRoundTripTime":0,"minWireVersion":0,"passives":[],"primary":null,"roundTripTime":-1,"setName":null,"setVersion":null,"tags":{},"topologyVersion":null,"type":"Unknown"},"ac-qpxx9sc-shard-00-02.oxtp9oi.mongodb.net:27017":{"$clusterTime":null,"address":"ac-qpxx9sc-shard-00-02.oxtp9oi.mongodb.net:27017","arbiters":[],"electionId":null,"error":{"beforeHandshake":false,"errorLabelSet":{}},"hosts":[],"iscryptd":false,"lastUpdateTime":6014482,"lastWriteDate":0,"logicalSessionTimeoutMinutes":null,"maxBsonObjectSize":null,"maxMessageSizeBytes":null,"maxWireVersion":0,"maxWriteBatchSize":null,"me":null,"minRoundTripTime":0,"minWireVersion":0,"passives":[],"primary":null,"roundTripTime":-1,"setName":null,"setVersion":null,"tags":{},"topologyVersion":null,"type":"Unknown"}},"setName":"atlas-bk115j-shard-0","stale":false,"type":"ReplicaSetNoPrimary"}},"level":"error","message":"Error connecting to MongoDB","service":"user>>-service","timestamp":"2025-11-26T15:09:15.019Z"}
{"level":"info","message":"User Server running on port http://localhost:3001","service":"user>>-service","timestamp":"2025-11-26T15:11:39.701Z"}
{"error":{},"level":"error","message":"Error connecting to MongoDB","service":"user>>-service","timestamp":"2025-11-26T15:11:40.425Z"}
{"level":"info","message":"User Server running on port http://localhost:3001","service":"user>>-service","timestamp":"2025-11-26T15:12:05.765Z"}
{"level":"info","message":"Connected to MongoDB","service":"user>>-service","timestamp":"2025-11-26T15:12:05.768Z"}
{"level":"info","message":"User Server running on port http://localhost:3001","service":"user>>-service","timestamp":"2025-11-26T15:12:07.758Z"}
{"level":"info","message":"Connected to MongoDB","service":"user>>-service","timestamp":"2025-11-26T15:12:07.761Z"}
{"level":"info","message":"User Server running on port http://localhost:3001","service":"user>>-service","timestamp":"2025-11-26T15:12:10.024Z"}
{"level":"info","message":"Connected to MongoDB","service":"user>>-service","timestamp":"2025-11-26T15:12:10.027Z"}
{"level":"info","message":"User Server running on port http://localhost:3001","service":"user>>-service","timestamp":"2025-11-26T15:12:12.330Z"}
{"level":"info","message":"Connected to MongoDB","service":"user>>-service","timestamp":"2025-11-26T15:12:13.375Z"}
{"level":"info","message":"User Server running on port http://localhost:3001","service":"user>>-service","timestamp":"2025-11-26T15:12:14.418Z"}
{"level":"info","message":"Connected to MongoDB","service":"user>>-service","timestamp":"2025-11-26T15:12:15.840Z"}
{"level":"info","message":"Connected to MongoDB","service":"user>>-service","timestamp":"2025-11-26T15:12:15.841Z"}
{"level":"info","message":"User Server running on port http://localhost:3001","service":"user>>-service","timestamp":"2025-11-26T15:12:18.336Z"}
{"level":"info","message":"Connected to MongoDB","service":"user>>-service","timestamp":"2025-11-26T15:12:18.340Z"}
{"level":"info","message":"User Server running on port http://localhost:3001","service":"user>>-service","timestamp":"2025-11-26T15:12:19.705Z"}
{"level":"info","message":"Connected to MongoDB","service":"user>>-service","timestamp":"2025-11-26T15:12:20.301Z"}
{"level":"info","message":"Connected to MongoDB","service":"user>>-service","timestamp":"2025-11-26T15:12:20.302Z"}
{"level":"info","message":"User Server running on port http://localhost:3001","service":"user>>-service","timestamp":"2025-11-26T15:12:22.154Z"}
{"level":"info","message":"Connected to MongoDB","service":"user>>-service","timestamp":"2025-11-26T15:12:22.759Z"}
{"level":"info","message":"Connected to MongoDB","service":"user>>-service","timestamp":"2025-11-26T15:12:22.760Z"}
{"level":"info","message":"User Server running on port http://localhost:3001","service":"user>>-service","timestamp":"2025-11-26T15:12:25.051Z"}
{"level":"info","message":"User Server running on port http://localhost:3001","service":"user>>-service","timestamp":"2025-11-26T15:12:26.319Z"}
{"level":"info","message":"Connected to MongoDB","service":"user>>-service","timestamp":"2025-11-26T15:12:27.195Z"}
{"level":"info","message":"Connected to MongoDB","service":"user>>-service","timestamp":"2025-11-26T15:12:27.196Z"}
{"level":"info","message":"User Server running on port http://localhost:3001","service":"user>>-service","timestamp":"2025-11-26T15:12:35.910Z"}
{"level":"info","message":"Connected to MongoDB","service":"user>>-service","timestamp":"2025-11-26T15:12:36.582Z"}
{"level":"info","message":"Connected to MongoDB","service":"user>>-service","timestamp":"2025-11-26T15:12:36.583Z"}
{"level":"info","message":"User Server running on port http://localhost:3001","service":"user>>-service","timestamp":"2025-11-26T15:12:48.670Z"}
{"level":"info","message":"Connected to MongoDB","service":"user>>-service","timestamp":"2025-11-26T15:12:49.490Z"}
{"level":"info","message":"User Server running on port http://localhost:3001","service":"user>>-service","timestamp":"2025-11-26T15:12:50.298Z"}
{"level":"info","message":"Connected to MongoDB","service":"user>>-service","timestamp":"2025-11-26T15:12:51.164Z"}
{"level":"info","message":"User Server running on port http://localhost:3001","service":"user>>-service","timestamp":"2025-11-26T15:13:18.277Z"}
{"level":"info","message":"Connected to MongoDB","service":"user>>-service","timestamp":"2025-11-26T15:13:18.810Z"}
{"level":"info","message":"Recieved POST request to /api/auth/register","service":"user>>-service","timestamp":"2025-11-26T15:17:20.058Z"}
{"level":"info","message":"Request body: {\"username\":\"gauravwaghmare\",\"email\":\"gauravwaghmare95032@gmail.com\",\"password\":\"123456789\"}","service":"user>>-service","timestamp":"2025-11-26T15:17:20.060Z"}
{"level":"info","message":"Registration endpoint hit","service":"user>>-service","timestamp":"2025-11-26T15:17:20.074Z"}
{"level":"info","message":"User registered successfully: 69271a00a6d4a3a0a6dac60f","service":"user>>-service","timestamp":"2025-11-26T15:17:20.334Z"}
{"level":"error","message":"Registration error: generateTokens is not a function","service":"user>>-service","timestamp":"2025-11-26T15:17:20.336Z"}
{"level":"info","message":"User Server running on port http://localhost:3001","service":"user>>-service","timestamp":"2025-11-26T15:18:33.354Z"}
{"level":"info","message":"Connected to MongoDB","service":"user>>-service","timestamp":"2025-11-26T15:18:33.960Z"}
{"level":"info","message":"User Server running on port http://localhost:3001","service":"user>>-service","timestamp":"2025-11-26T15:18:35.523Z"}
{"level":"info","message":"Connected to MongoDB","service":"user>>-service","timestamp":"2025-11-26T15:18:36.037Z"}
{"level":"info","message":"User Server running on port http://localhost:3001","service":"user>>-service","timestamp":"2025-11-26T15:18:46.086Z"}
{"level":"info","message":"Connected to MongoDB","service":"user>>-service","timestamp":"2025-11-26T15:18:46.716Z"}
{"level":"info","message":"User Server running on port http://localhost:3001","service":"user>>-service","timestamp":"2025-11-26T15:19:04.350Z"}
{"level":"info","message":"Connected to MongoDB","service":"user>>-service","timestamp":"2025-11-26T15:19:06.196Z"}
{"level":"info","message":"User Server running on port http://localhost:3001","service":"user>>-service","timestamp":"2025-11-26T15:19:15.231Z"}
{"level":"info","message":"Connected to MongoDB","service":"user>>-service","timestamp":"2025-11-26T15:19:17.480Z"}
{"level":"info","message":"User Server running on port http://localhost:3001","service":"user>>-service","timestamp":"2025-11-26T15:19:30.372Z"}
{"level":"info","message":"User Server running on port http://localhost:3001","service":"user>>-service","timestamp":"2025-11-26T15:19:32.240Z"}
{"level":"info","message":"Connected to MongoDB","service":"user>>-service","timestamp":"2025-11-26T15:19:32.930Z"}
{"level":"info","message":"User Server running on port http://localhost:3001","service":"user>>-service","timestamp":"2025-11-26T15:19:37.496Z"}
{"level":"info","message":"Connected to MongoDB","service":"user>>-service","timestamp":"2025-11-26T15:19:38.876Z"}
{"level":"info","message":"User Server running on port http://localhost:3001","service":"user>>-service","timestamp":"2025-11-26T15:19:59.875Z"}
{"level":"info","message":"User Server running on port http://localhost:3001","service":"user>>-service","timestamp":"2025-11-26T15:20:02.454Z"}
{"level":"info","message":"User Server running on port http://localhost:3001","service":"user>>-service","timestamp":"2025-11-26T15:20:03.956Z"}
{"level":"info","message":"Connected to MongoDB","service":"user>>-service","timestamp":"2025-11-26T15:20:05.157Z"}
{"level":"info","message":"User Server running on port http://localhost:3001","service":"user>>-service","timestamp":"2025-11-26T15:20:14.144Z"}
{"level":"info","message":"User Server running on port http://localhost:3001","service":"user>>-service","timestamp":"2025-11-26T15:20:16.126Z"}
{"level":"info","message":"Connected to MongoDB","service":"user>>-service","timestamp":"2025-11-26T15:20:18.552Z"}
{"level":"info","message":"Recieved POST request to /api/auth/register","service":"user>>-service","timestamp":"2025-11-26T15:21:01.345Z"}
{"level":"info","message":"Request body: {\"username\":\"gauravwaghmare\",\"email\":\"gauravwaghmare95032@gmail.com\",\"password\":\"123456789\"}","service":"user>>-service","timestamp":"2025-11-26T15:21:01.346Z"}
{"level":"info","message":"Registration endpoint hit","service":"user>>-service","timestamp":"2025-11-26T15:21:01.353Z"}
{"level":"info","message":"User registered successfully: 69271add34c5831915299e9b","service":"user>>-service","timestamp":"2025-11-26T15:21:01.711Z"}
{"level":"info","message":"User Server running on port http://localhost:3001","service":"user>>-service","timestamp":"2025-11-26T15:24:52.213Z"}
{"level":"info","message":"Connected to MongoDB","service":"user>>-service","timestamp":"2025-11-26T15:24:53.378Z"}
{"level":"info","message":"User Server running on port http://localhost:3001","service":"user>>-service","timestamp":"2025-11-26T15:24:57.404Z"}
{"level":"info","message":"Connected to MongoDB","service":"user>>-service","timestamp":"2025-11-26T15:24:57.918Z"}
{"level":"info","message":"User Server running on port http://localhost:3001","service":"user>>-service","timestamp":"2025-11-26T15:28:05.218Z"}
{"level":"info","message":"Connected to MongoDB","service":"user>>-service","timestamp":"2025-11-26T15:28:07.595Z"}
{"level":"info","message":"User Server running on port http://localhost:3001","service":"user>>-service","timestamp":"2025-11-26T15:28:15.741Z"}
{"level":"info","message":"Connected to MongoDB","service":"user>>-service","timestamp":"2025-11-26T15:28:16.577Z"}
{"level":"info","message":"User Server running on port http://localhost:3001","service":"user>>-service","timestamp":"2025-11-26T15:28:19.032Z"}
{"level":"info","message":"Connected to MongoDB","service":"user>>-service","timestamp":"2025-11-26T15:28:19.599Z"}
{"level":"info","message":"User Server running on port http://localhost:3001","service":"user>>-service","timestamp":"2025-11-26T15:28:32.279Z"}
{"level":"info","message":"Connected to MongoDB","service":"user>>-service","timestamp":"2025-11-26T15:28:34.028Z"}
{"level":"info","message":"User Server running on port http://localhost:3001","service":"user>>-service","timestamp":"2025-11-26T15:28:39.220Z"}
{"level":"info","message":"Connected to MongoDB","service":"user>>-service","timestamp":"2025-11-26T15:28:41.255Z"}
{"level":"info","message":"User Server running on port http://localhost:3001","service":"user>>-service","timestamp":"2025-11-26T15:28:50.662Z"}
{"level":"info","message":"Connected to MongoDB","service":"user>>-service","timestamp":"2025-11-26T15:28:51.307Z"}
{"level":"info","message":"User Server running on port http://localhost:3001","service":"user>>-service","timestamp":"2025-11-26T15:29:29.278Z"}
{"level":"info","message":"Connected to MongoDB","service":"user>>-service","timestamp":"2025-11-26T15:29:30.459Z"}
{"level":"info","message":"User Server running on port http://localhost:3001","service":"user>>-service","timestamp":"2025-11-26T15:29:39.088Z"}
{"level":"info","message":"Connected to MongoDB","service":"user>>-service","timestamp":"2025-11-26T15:29:39.633Z"}
{"level":"info","message":"User Server running on port http://localhost:3001","service":"user>>-service","timestamp":"2025-11-26T15:29:48.467Z"}
{"level":"info","message":"Connected to MongoDB","service":"user>>-service","timestamp":"2025-11-26T15:29:49.192Z"}
{"level":"info","message":"User Server running on port http://localhost:3001","service":"user>>-service","timestamp":"2025-11-26T15:29:51.443Z"}
{"level":"info","message":"Connected to MongoDB","service":"user>>-service","timestamp":"2025-11-26T15:29:51.928Z"}
{"level":"info","message":"User Server running on port http://localhost:3001","service":"user>>-service","timestamp":"2025-11-26T15:29:58.643Z"}
{"level":"info","message":"Connected to MongoDB","service":"user>>-service","timestamp":"2025-11-26T15:29:59.607Z"}
{"level":"info","message":"User Server running on port http://localhost:3001","service":"user>>-service","timestamp":"2025-11-26T15:31:07.756Z"}
{"level":"info","message":"Connected to MongoDB","service":"user>>-service","timestamp":"2025-11-26T15:31:09.508Z"}
{"level":"info","message":"User Server running on port http://localhost:3001","service":"user>>-service","timestamp":"2025-11-26T15:31:13.213Z"}
{"level":"info","message":"Connected to MongoDB","service":"user>>-service","timestamp":"2025-11-26T15:31:13.950Z"}
{"level":"info","message":"User Server running on port http://localhost:3001","service":"user>>-service","timestamp":"2025-11-26T15:31:26.949Z"}
{"level":"info","message":"Connected to MongoDB","service":"user>>-service","timestamp":"2025-11-26T15:31:27.526Z"}
{"level":"info","message":"User Server running on port http://localhost:3001","service":"user>>-service","timestamp":"2025-11-26T15:31:33.738Z"}
{"level":"info","message":"Connected to MongoDB","service":"user>>-service","timestamp":"2025-11-26T15:31:34.227Z"}
{"level":"info","message":"User Server running on port http://localhost:3001","service":"user>>-service","timestamp":"2025-11-26T15:31:36.961Z"}
{"level":"info","message":"Connected to MongoDB","service":"user>>-service","timestamp":"2025-11-26T15:31:37.406Z"}
{"level":"info","message":"User Server running on port http://localhost:3001","service":"user>>-service","timestamp":"2025-11-26T15:31:38.203Z"}
{"level":"info","message":"Connected to MongoDB","service":"user>>-service","timestamp":"2025-11-26T15:31:38.928Z"}
{"level":"info","message":"User Server running on port http://localhost:3001","service":"user>>-service","timestamp":"2025-11-26T15:31:47.350Z"}
{"level":"info","message":"Connected to MongoDB","service":"user>>-service","timestamp":"2025-11-26T15:31:48.422Z"}
{"level":"info","message":"User Server running on port http://localhost:3001","service":"user>>-service","timestamp":"2025-11-26T15:32:10.338Z"}
{"level":"info","message":"Connected to MongoDB","service":"user>>-service","timestamp":"2025-11-26T15:32:11.383Z"}
{"level":"info","message":"User Server running on port http://localhost:3001","service":"user>>-service","timestamp":"2025-11-26T15:32:12.374Z"}
{"level":"info","message":"Connected to MongoDB","service":"user>>-service","timestamp":"2025-11-26T15:32:13.129Z"}
{"level":"info","message":"User Server running on port http://localhost:3001","service":"user>>-service","timestamp":"2025-11-26T15:32:27.722Z"}
{"level":"info","message":"Connected to MongoDB","service":"user>>-service","timestamp":"2025-11-26T15:32:28.719Z"}
{"level":"info","message":"User Server running on port http://localhost:3001","service":"user>>-service","timestamp":"2025-11-26T15:32:34.024Z"}
{"level":"info","message":"Connected to MongoDB","service":"user>>-service","timestamp":"2025-11-26T15:32:35.418Z"}
{"level":"info","message":"User Server running on port http://localhost:3001","service":"user>>-service","timestamp":"2025-11-26T15:32:45.131Z"}
{"level":"info","message":"Connected to MongoDB","service":"user>>-service","timestamp":"2025-11-26T15:32:45.734Z"}
{"level":"info","message":"User Server running on port http://localhost:3001","service":"user>>-service","timestamp":"2025-11-26T15:32:47.464Z"}
{"level":"info","message":"Connected to MongoDB","service":"user>>-service","timestamp":"2025-11-26T15:32:48.260Z"}
{"level":"info","message":"User Server running on port http://localhost:3001","service":"user>>-service","timestamp":"2025-11-26T15:32:49.739Z"}
{"level":"info","message":"Connected to MongoDB","service":"user>>-service","timestamp":"2025-11-26T15:32:50.224Z"}
{"level":"info","message":"User Server running on port http://localhost:3001","service":"user>>-service","timestamp":"2025-11-26T15:32:55.169Z"}
{"level":"info","message":"Connected to MongoDB","service":"user>>-service","timestamp":"2025-11-26T15:32:55.640Z"}
{"level":"info","message":"User Server running on port http://localhost:3001","service":"user>>-service","timestamp":"2025-11-26T15:32:59.207Z"}
{"level":"info","message":"Connected to MongoDB","service":"user>>-service","timestamp":"2025-11-26T15:32:59.727Z"}
{"level":"info","message":"User Server running on port http://localhost:3001","service":"user>>-service","timestamp":"2025-11-26T15:33:01.063Z"}
{"level":"info","message":"Connected to MongoDB","service":"user>>-service","timestamp":"2025-11-26T15:33:01.661Z"}
{"level":"info","message":"User Server running on port http://localhost:3001","service":"user>>-service","timestamp":"2025-11-26T15:33:03.788Z"}
{"level":"info","message":"Connected to MongoDB","service":"user>>-service","timestamp":"2025-11-26T15:33:04.336Z"}
{"level":"info","message":"User Server running on port http://localhost:3001","service":"user>>-service","timestamp":"2025-11-26T15:33:06.949Z"}
{"level":"info","message":"Connected to MongoDB","service":"user>>-service","timestamp":"2025-11-26T15:33:07.467Z"}
{"level":"info","message":"User Server running on port http://localhost:3001","service":"user>>-service","timestamp":"2025-11-26T15:33:11.154Z"}
{"level":"info","message":"Connected to MongoDB","service":"user>>-service","timestamp":"2025-11-26T15:33:11.702Z"}
{"level":"info","message":"User Server running on port http://localhost:3001","service":"user>>-service","timestamp":"2025-11-26T15:33:16.390Z"}
{"level":"info","message":"Connected to MongoDB","service":"user>>-service","timestamp":"2025-11-26T15:33:16.952Z"}
{"level":"info","message":"User Server running on port http://localhost:3001","service":"user>>-service","timestamp":"2025-11-26T15:33:18.706Z"}
{"level":"info","message":"Connected to MongoDB","service":"user>>-service","timestamp":"2025-11-26T15:33:19.192Z"}
{"level":"info","message":"User Server running on port http://localhost:3001","service":"user>>-service","timestamp":"2025-11-26T15:33:20.488Z"}
{"level":"info","message":"Connected to MongoDB","service":"user>>-service","timestamp":"2025-11-26T15:33:21.156Z"}
{"level":"info","message":"Recieved POST request to /api/auth/register","service":"user>>-service","timestamp":"2025-11-26T15:33:43.947Z"}
{"level":"info","message":"Request body: {\"username\":\"gauravwaghmare\",\"email\":\"gauravwaghmare95032@gmail.com\",\"password\":\"123456789\"}","service":"user>>-service","timestamp":"2025-11-26T15:33:43.949Z"}
{"level":"info","message":"Registration endpoint hit","service":"user>>-service","timestamp":"2025-11-26T15:33:43.957Z"}
{"level":"info","message":"User registered successfully: 69271dd8dc94e3c813ac7182","service":"user>>-service","timestamp":"2025-11-26T15:33:44.260Z"}
{"level":"info","message":"User Server running on port http://localhost:3001","service":"user>>-service","timestamp":"2025-11-26T15:37:39.415Z"}
{"level":"info","message":"Connected to MongoDB","service":"user>>-service","timestamp":"2025-11-26T15:37:40.019Z"}
{"level":"info","message":"Recieved POST request to /api/auth/register","service":"user>>-service","timestamp":"2025-11-26T15:38:30.494Z"}
{"level":"info","message":"Request body: {\"username\":\"gauravwaghmare\",\"email\":\"gauravwaghmare95032@gmail.com\",\"password\":\"123456789\"}","service":"user>>-service","timestamp":"2025-11-26T15:38:30.497Z"}
{"level":"info","message":"Registration endpoint hit","service":"user>>-service","timestamp":"2025-11-26T15:38:30.508Z"}
{"level":"info","message":"User registered successfully: 69271ef6712fd3c7878bf252","service":"user>>-service","timestamp":"2025-11-26T15:38:30.762Z"}
{"level":"info","message":"Recieved POST request to /api/auth/register","service":"user>>-service","timestamp":"2025-11-26T15:45:54.546Z"}
{"level":"info","message":"Request body: {\"username\":\"gauravwaghmare\",\"email\":\"gauravwaghmare95032@gmail.com\",\"password\":\"123456789\"}","service":"user>>-service","timestamp":"2025-11-26T15:45:54.547Z"}
{"level":"info","message":"Registration endpoint hit","service":"user>>-service","timestamp":"2025-11-26T15:45:54.550Z"}
{"level":"info","message":"User registered successfully: 692720b2712fd3c7878bf257","service":"user>>-service","timestamp":"2025-11-26T15:45:54.781Z"}
{"level":"info","message":"Recieved POST request to /api/auth/register","service":"user>>-service","timestamp":"2025-11-26T15:46:47.619Z"}
{"level":"info","message":"Request body: {\"username\":\"gauravwaghmare\",\"email\":\"gauravwaghmare95032@gmail.com\",\"password\":\"123456789\"}","service":"user>>-service","timestamp":"2025-11-26T15:46:47.620Z"}
{"level":"info","message":"Registration endpoint hit","service":"user>>-service","timestamp":"2025-11-26T15:46:47.622Z"}
{"level":"warn","message":"User already exists","service":"user>>-service","timestamp":"2025-11-26T15:46:47.774Z"}
{"level":"info","message":"Recieved POST request to /api/auth/register","service":"user>>-service","timestamp":"2025-11-26T15:46:49.008Z"}
{"level":"info","message":"Request body: {\"username\":\"gauravwaghmare\",\"email\":\"gauravwaghmare95032@gmail.com\",\"password\":\"123456789\"}","service":"user>>-service","timestamp":"2025-11-26T15:46:49.009Z"}
{"level":"info","message":"Registration endpoint hit","service":"user>>-service","timestamp":"2025-11-26T15:46:49.012Z"}
{"level":"warn","message":"User already exists","service":"user>>-service","timestamp":"2025-11-26T15:46:49.072Z"}
{"level":"info","message":"Recieved POST request to /api/auth/register","service":"user>>-service","timestamp":"2025-11-26T15:46:50.741Z"}
{"level":"info","message":"Request body: {\"username\":\"gauravwaghmare\",\"email\":\"gauravwaghmare95032@gmail.com\",\"password\":\"123456789\"}","service":"user>>-service","timestamp":"2025-11-26T15:46:50.741Z"}
{"level":"info","message":"Registration endpoint hit","service":"user>>-service","timestamp":"2025-11-26T15:46:50.743Z"}
{"level":"warn","message":"User already exists","service":"user>>-service","timestamp":"2025-11-26T15:46:50.814Z"}
{"level":"info","message":"Recieved POST request to /api/auth/register","service":"user>>-service","timestamp":"2025-11-26T15:46:52.034Z"}
{"level":"info","message":"Request body: {\"username\":\"gauravwaghmare\",\"email\":\"gauravwaghmare95032@gmail.com\",\"password\":\"123456789\"}","service":"user>>-service","timestamp":"2025-11-26T15:46:52.035Z"}
{"level":"info","message":"Registration endpoint hit","service":"user>>-service","timestamp":"2025-11-26T15:46:52.037Z"}
{"level":"warn","message":"User already exists","service":"user>>-service","timestamp":"2025-11-26T15:46:52.141Z"}
{"level":"info","message":"Recieved POST request to /api/auth/register","service":"user>>-service","timestamp":"2025-11-26T15:46:53.129Z"}
{"level":"info","message":"Request body: {\"username\":\"gauravwaghmare\",\"email\":\"gauravwaghmare95032@gmail.com\",\"password\":\"123456789\"}","service":"user>>-service","timestamp":"2025-11-26T15:46:53.129Z"}
{"level":"info","message":"Registration endpoint hit","service":"user>>-service","timestamp":"2025-11-26T15:46:53.131Z"}
{"level":"warn","message":"User already exists","service":"user>>-service","timestamp":"2025-11-26T15:46:53.192Z"}
{"level":"info","message":"Recieved POST request to /api/auth/register","service":"user>>-service","timestamp":"2025-11-26T15:46:54.251Z"}
{"level":"info","message":"Request body: {\"username\":\"gauravwaghmare\",\"email\":\"gauravwaghmare95032@gmail.com\",\"password\":\"123456789\"}","service":"user>>-service","timestamp":"2025-11-26T15:46:54.251Z"}
{"level":"info","message":"Registration endpoint hit","service":"user>>-service","timestamp":"2025-11-26T15:46:54.253Z"}
{"level":"warn","message":"User already exists","service":"user>>-service","timestamp":"2025-11-26T15:46:54.308Z"}
{"level":"info","message":"Recieved POST request to /api/auth/register","service":"user>>-service","timestamp":"2025-11-26T15:46:55.277Z"}
{"level":"info","message":"Request body: {\"username\":\"gauravwaghmare\",\"email\":\"gauravwaghmare95032@gmail.com\",\"password\":\"123456789\"}","service":"user>>-service","timestamp":"2025-11-26T15:46:55.279Z"}
{"level":"info","message":"Registration endpoint hit","service":"user>>-service","timestamp":"2025-11-26T15:46:55.281Z"}
{"level":"warn","message":"User already exists","service":"user>>-service","timestamp":"2025-11-26T15:46:55.337Z"}
{"level":"info","message":"Recieved POST request to /api/auth/register","service":"user>>-service","timestamp":"2025-11-26T15:46:56.443Z"}
{"level":"info","message":"Request body: {\"username\":\"gauravwaghmare\",\"email\":\"gauravwaghmare95032@gmail.com\",\"password\":\"123456789\"}","service":"user>>-service","timestamp":"2025-11-26T15:46:56.466Z"}
{"level":"warn","message":"Endpoint rate limit far exceeded for IP: ::1","service":"user>>-service","timestamp":"2025-11-26T15:46:56.468Z"}
{"level":"info","message":"Recieved POST request to /api/auth/register","service":"user>>-service","timestamp":"2025-11-26T15:51:46.251Z"}
{"level":"info","message":"Request body: {\"username\":\"gauravwaghmare\",\"email\":\"gauravwaghmare95032@gmail.com\",\"password\":\"123456789\"}","service":"user>>-service","timestamp":"2025-11-26T15:51:46.251Z"}
{"level":"info","message":"Registration endpoint hit","service":"user>>-service","timestamp":"2025-11-26T15:51:46.252Z"}
{"level":"warn","message":"User already exists","service":"user>>-service","timestamp":"2025-11-26T15:51:46.312Z"}
{"level":"info","message":"User Server running on port http://localhost:3001","service":"user-service","timestamp":"2025-11-26T17:58:42.176Z"}
{"level":"info","message":"Connected to MongoDB","service":"user-service","timestamp":"2025-11-26T17:58:42.833Z"}
{"level":"info","message":"User Server running on port http://localhost:3001","service":"user-service","timestamp":"2025-11-26T18:07:24.930Z"}
{"level":"info","message":"Connected to MongoDB","service":"user-service","timestamp":"2025-11-26T18:07:25.574Z"}
{"level":"info","message":"Recieved POST request to /api/auth/register","service":"user-service","timestamp":"2025-11-26T18:10:05.607Z"}
{"level":"info","message":"Request body: {\"username\":\"gauravwaghmare\",\"email\":\"gauravwaghmare95032@gmail.com\",\"password\":\"123456789\"}","service":"user-service","timestamp":"2025-11-26T18:10:05.609Z"}
{"level":"info","message":"Registration endpoint hit","service":"user-service","timestamp":"2025-11-26T18:10:05.624Z"}
{"level":"info","message":"User registered successfully: 6927427d01357ddb3d0920d4","service":"user-service","timestamp":"2025-11-26T18:10:05.990Z"}
{"level":"info","message":"Recieved POST request to /api/auth/register","service":"user-service","timestamp":"2025-11-26T18:12:36.048Z"}
{"level":"info","message":"Request body: {\"username\":\"gauravwaghmare2\",\"email\":\"gauravwaghmare2@gmail.com\",\"password\":\"123456789\"}","service":"user-service","timestamp":"2025-11-26T18:12:36.051Z"}
{"level":"info","message":"Registration endpoint hit","service":"user-service","timestamp":"2025-11-26T18:12:36.061Z"}
{"level":"info","message":"User registered successfully: 6927431401357ddb3d0920d9","service":"user-service","timestamp":"2025-11-26T18:12:36.358Z"}
{"level":"info","message":"Recieved POST request to /api/auth/register","service":"user-service","timestamp":"2025-11-26T18:13:02.707Z"}
{"level":"info","message":"Request body: {\"username\":\"gauravwaghmare2\",\"email\":\"gauravwaghmare2@gmail.com\",\"password\":\"123456789\"}","service":"user-service","timestamp":"2025-11-26T18:13:02.708Z"}
{"level":"info","message":"Registration endpoint hit","service":"user-service","timestamp":"2025-11-26T18:13:02.713Z"}
{"level":"warn","message":"User already exists","service":"user-service","timestamp":"2025-11-26T18:13:02.763Z"}
{"level":"info","message":"Recieved POST request to /api/auth/register","service":"user-service","timestamp":"2025-11-26T18:13:55.838Z"}
{"level":"info","message":"Request body: {\"username\":\"gauravwaghmare2\",\"email\":\"gauravwaghmare2@gmail.com\",\"password\":\"123456789\"}","service":"user-service","timestamp":"2025-11-26T18:13:55.838Z"}
{"level":"info","message":"Registration endpoint hit","service":"user-service","timestamp":"2025-11-26T18:13:55.842Z"}
{"level":"warn","message":"User already exists","service":"user-service","timestamp":"2025-11-26T18:13:55.891Z"}
{"level":"info","message":"Recieved POST request to /api/auth/register","service":"user-service","timestamp":"2025-11-26T18:13:57.065Z"}
{"level":"info","message":"Request body: {\"username\":\"gauravwaghmare2\",\"email\":\"gauravwaghmare2@gmail.com\",\"password\":\"123456789\"}","service":"user-service","timestamp":"2025-11-26T18:13:57.065Z"}
{"level":"info","message":"Registration endpoint hit","service":"user-service","timestamp":"2025-11-26T18:13:57.067Z"}
{"level":"warn","message":"User already exists","service":"user-service","timestamp":"2025-11-26T18:13:57.109Z"}
{"level":"info","message":"User Server running on port http://localhost:3001","service":"user-service","timestamp":"2025-11-26T18:17:16.887Z"}
{"level":"info","message":"Connected to MongoDB","service":"user-service","timestamp":"2025-11-26T18:17:17.457Z"}
{"level":"info","message":"Recieved POST request to /api/auth/register","service":"user-service","timestamp":"2025-11-26T18:17:20.485Z"}
{"level":"info","message":"Request body: {\"username\":\"gauravwaghmare3\",\"email\":\"gauravwaghmare3@gmail.com\",\"password\":\"123456789\"}","service":"user-service","timestamp":"2025-11-26T18:17:20.486Z"}
{"level":"info","message":"Registration endpoint hit","service":"user-service","timestamp":"2025-11-26T18:17:20.496Z"}
{"level":"info","message":"User registered successfully: 69274430a4f6117cdc9bbd54","service":"user-service","timestamp":"2025-11-26T18:17:20.719Z"}
{"level":"info","message":"Recieved POST request to /api/auth/register","service":"user-service","timestamp":"2025-11-26T18:17:31.139Z"}
{"level":"info","message":"Request body: {\"username\":\"gauravwaghmare3\",\"email\":\"gauravwaghmare3@gmail.com\",\"password\":\"123456789\"}","service":"user-service","timestamp":"2025-11-26T18:17:31.151Z"}
{"level":"info","message":"Registration endpoint hit","service":"user-service","timestamp":"2025-11-26T18:17:31.160Z"}
{"level":"warn","message":"User already exists","service":"user-service","timestamp":"2025-11-26T18:17:31.247Z"}
{"level":"info","message":"Recieved POST request to /api/auth/register","service":"user-service","timestamp":"2025-11-26T18:17:34.123Z"}
{"level":"info","message":"Request body: {\"username\":\"gauravwaghmare3\",\"email\":\"gauravwaghmare3@gmail.com\",\"password\":\"123456789\"}","service":"user-service","timestamp":"2025-11-26T18:17:34.127Z"}
{"level":"info","message":"Registration endpoint hit","service":"user-service","timestamp":"2025-11-26T18:17:34.141Z"}
{"level":"warn","message":"User already exists","service":"user-service","timestamp":"2025-11-26T18:17:34.185Z"}
{"level":"info","message":"User Server running on port http://localhost:3001","service":"user-service","timestamp":"2025-11-27T12:54:12.567Z"}
{"level":"info","message":"Connected to MongoDB","service":"user-service","timestamp":"2025-11-27T12:54:15.880Z"}
{"level":"info","message":"Recieved POST request to /api/auth/login","service":"user-service","timestamp":"2025-11-27T12:57:08.941Z"}
{"level":"info","message":"Request body: {\"email\":\"gauravwaghmare2@gmail.com\",\"password\":\"123456789\"}","service":"user-service","timestamp":"2025-11-27T12:57:08.942Z"}
{"level":"info","message":"Login endpoint hit","service":"user-service","timestamp":"2025-11-27T12:57:08.971Z"}
{"level":"info","message":"User Server running on port http://localhost:3001","service":"user-service","timestamp":"2025-11-27T13:10:02.772Z"}
{"level":"info","message":"Connected to MongoDB","service":"user-service","timestamp":"2025-11-27T13:10:05.196Z"}
{"level":"info","message":"User Server running on port http://localhost:3001","service":"user-service","timestamp":"2025-11-27T15:43:41.645Z"}
{"level":"info","message":"User Server running on port http://localhost:3001","service":"user-service","timestamp":"2025-11-28T12:52:34.439Z"}
{"level":"info","message":"Connected to MongoDB","service":"user-service","timestamp":"2025-11-28T12:52:35.625Z"}
{"level":"info","message":"Recieved POST request to /api/auth/login","service":"user-service","timestamp":"2025-11-28T12:52:48.422Z"}
{"level":"info","message":"Request body: {\"email\":\"gauravwaghmare2@gmail.com\",\"password\":\"123456789\"}","service":"user-service","timestamp":"2025-11-28T12:52:48.424Z"}
{"level":"info","message":"Login endpoint hit","service":"user-service","timestamp":"2025-11-28T12:52:48.430Z"}
{"level":"info","message":"User Server running on port http://localhost:3001","service":"user-service","timestamp":"2025-11-28T12:54:55.172Z"}
{"level":"info","message":"Connected to MongoDB","service":"user-service","timestamp":"2025-11-28T12:54:55.895Z"}
{"level":"info","message":"User Server running on port http://localhost:3001","service":"user-service","timestamp":"2025-11-28T12:55:29.641Z"}
{"level":"info","message":"Connected to MongoDB","service":"user-service","timestamp":"2025-11-28T12:55:31.268Z"}
{"level":"info","message":"User Server running on port http://localhost:3001","service":"user-service","timestamp":"2025-11-28T12:55:36.529Z"}
{"level":"info","message":"Connected to MongoDB","service":"user-service","timestamp":"2025-11-28T12:55:37.388Z"}
{"level":"info","message":"User Server running on port http://localhost:3001","service":"user-service","timestamp":"2025-11-28T12:55:45.334Z"}
{"level":"info","message":"Connected to MongoDB","service":"user-service","timestamp":"2025-11-28T12:55:46.495Z"}
{"level":"info","message":"User Server running on port http://localhost:3001","service":"user-service","timestamp":"2025-11-28T12:55:53.360Z"}
{"level":"info","message":"Connected to MongoDB","service":"user-service","timestamp":"2025-11-28T12:55:53.888Z"}
{"level":"info","message":"User Server running on port http://localhost:3001","service":"user-service","timestamp":"2025-11-28T12:55:57.297Z"}
{"level":"info","message":"Connected to MongoDB","service":"user-service","timestamp":"2025-11-28T12:55:57.953Z"}
{"level":"info","message":"User Server running on port http://localhost:3001","service":"user-service","timestamp":"2025-11-28T12:56:00.060Z"}
{"level":"info","message":"Connected to MongoDB","service":"user-service","timestamp":"2025-11-28T12:56:00.641Z"}
{"level":"info","message":"User Server running on port http://localhost:3001","service":"user-service","timestamp":"2025-11-28T12:56:06.475Z"}
{"level":"info","message":"User Server running on port http://localhost:3001","service":"user-service","timestamp":"2025-11-28T12:56:07.568Z"}
{"level":"info","message":"Connected to MongoDB","service":"user-service","timestamp":"2025-11-28T12:56:08.222Z"}
{"level":"info","message":"User Server running on port http://localhost:3001","service":"user-service","timestamp":"2025-11-28T12:56:11.307Z"}
{"level":"info","message":"Connected to MongoDB","service":"user-service","timestamp":"2025-11-28T12:56:12.012Z"}
{"level":"info","message":"User Server running on port http://localhost:3001","service":"user-service","timestamp":"2025-11-28T12:56:13.515Z"}
{"level":"info","message":"Connected to MongoDB","service":"user-service","timestamp":"2025-11-28T12:56:14.388Z"}
{"level":"info","message":"User Server running on port http://localhost:3001","service":"user-service","timestamp":"2025-11-28T12:56:51.314Z"}
{"level":"info","message":"Connected to MongoDB","service":"user-service","timestamp":"2025-11-28T12:56:51.837Z"}
{"level":"info","message":"User Server running on port http://localhost:3001","service":"user-service","timestamp":"2025-11-28T12:56:59.460Z"}
{"level":"info","message":"Connected to MongoDB","service":"user-service","timestamp":"2025-11-28T12:57:00.107Z"}
{"level":"info","message":"User Server running on port http://localhost:3001","service":"user-service","timestamp":"2025-11-28T12:57:01.384Z"}
{"level":"info","message":"Connected to MongoDB","service":"user-service","timestamp":"2025-11-28T12:57:01.797Z"}
{"level":"info","message":"User Server running on port http://localhost:3001","service":"user-service","timestamp":"2025-11-28T12:57:07.644Z"}
{"level":"info","message":"User Server running on port http://localhost:3001","service":"user-service","timestamp":"2025-11-28T12:57:08.743Z"}
{"level":"info","message":"Connected to MongoDB","service":"user-service","timestamp":"2025-11-28T12:57:09.304Z"}
{"level":"info","message":"User Server running on port http://localhost:3001","service":"user-service","timestamp":"2025-11-28T12:57:14.959Z"}
{"level":"info","message":"Connected to MongoDB","service":"user-service","timestamp":"2025-11-28T12:57:15.614Z"}
{"level":"info","message":"User Server running on port http://localhost:3001","service":"user-service","timestamp":"2025-11-28T13:01:01.109Z"}
{"level":"info","message":"Connected to MongoDB","service":"user-service","timestamp":"2025-11-28T13:01:01.695Z"}
{"level":"info","message":"User Server running on port http://localhost:3001","service":"user-service","timestamp":"2025-11-28T13:01:08.145Z"}
{"level":"info","message":"Connected to MongoDB","service":"user-service","timestamp":"2025-11-28T13:01:08.556Z"}
{"level":"info","message":"User Server running on port http://localhost:3001","service":"user-service","timestamp":"2025-11-28T13:01:29.869Z"}
{"level":"info","message":"Connected to MongoDB","service":"user-service","timestamp":"2025-11-28T13:01:30.386Z"}
{"level":"info","message":"User Server running on port http://localhost:3001","service":"user-service","timestamp":"2025-11-28T13:01:34.768Z"}
{"level":"info","message":"Connected to MongoDB","service":"user-service","timestamp":"2025-11-28T13:01:35.348Z"}
{"level":"info","message":"User Server running on port http://localhost:3001","service":"user-service","timestamp":"2025-11-28T13:01:39.327Z"}
{"level":"info","message":"Connected to MongoDB","service":"user-service","timestamp":"2025-11-28T13:01:39.812Z"}
{"level":"info","message":"User Server running on port http://localhost:3001","service":"user-service","timestamp":"2025-11-28T13:01:44.064Z"}
{"level":"info","message":"Connected to MongoDB","service":"user-service","timestamp":"2025-11-28T13:01:44.494Z"}
{"level":"info","message":"User Server running on port http://localhost:3001","service":"user-service","timestamp":"2025-11-28T13:01:45.408Z"}
{"level":"info","message":"Connected to MongoDB","service":"user-service","timestamp":"2025-11-28T13:01:45.919Z"}
{"level":"info","message":"User Server running on port http://localhost:3001","service":"user-service","timestamp":"2025-11-28T13:01:47.731Z"}
{"level":"info","message":"Connected to MongoDB","service":"user-service","timestamp":"2025-11-28T13:01:48.462Z"}
{"level":"info","message":"User Server running on port http://localhost:3001","service":"user-service","timestamp":"2025-11-28T13:01:57.451Z"}
{"level":"info","message":"Connected to MongoDB","service":"user-service","timestamp":"2025-11-28T13:01:57.967Z"}
{"level":"info","message":"User Server running on port http://localhost:3001","service":"user-service","timestamp":"2025-11-28T13:02:08.605Z"}
{"level":"info","message":"Connected to MongoDB","service":"user-service","timestamp":"2025-11-28T13:02:09.543Z"}
{"level":"info","message":"User Server running on port http://localhost:3001","service":"user-service","timestamp":"2025-11-28T13:03:57.691Z"}
{"level":"info","message":"Connected to MongoDB","service":"user-service","timestamp":"2025-11-28T13:03:58.315Z"}
{"level":"info","message":"User Server running on port http://localhost:3001","service":"user-service","timestamp":"2025-11-28T13:04:00.879Z"}
{"level":"info","message":"Connected to MongoDB","service":"user-service","timestamp":"2025-11-28T13:04:01.335Z"}
{"level":"info","message":"User Server running on port http://localhost:3001","service":"user-service","timestamp":"2025-11-28T13:04:04.800Z"}
{"level":"info","message":"Connected to MongoDB","service":"user-service","timestamp":"2025-11-28T13:04:05.355Z"}
{"level":"info","message":"User Server running on port http://localhost:3001","service":"user-service","timestamp":"2025-11-28T13:04:12.284Z"}
{"level":"info","message":"Connected to MongoDB","service":"user-service","timestamp":"2025-11-28T13:04:12.806Z"}
{"level":"info","message":"User Server running on port http://localhost:3001","service":"user-service","timestamp":"2025-11-28T13:04:13.840Z"}
{"level":"info","message":"Connected to MongoDB","service":"user-service","timestamp":"2025-11-28T13:04:14.401Z"}
{"level":"info","message":"User Server running on port http://localhost:3001","service":"user-service","timestamp":"2025-11-28T13:04:20.281Z"}
{"level":"info","message":"Connected to MongoDB","service":"user-service","timestamp":"2025-11-28T13:04:20.767Z"}
{"level":"info","message":"User Server running on port http://localhost:3001","service":"user-service","timestamp":"2025-11-28T13:04:22.901Z"}
{"level":"info","message":"Connected to MongoDB","service":"user-service","timestamp":"2025-11-28T13:04:23.341Z"}
{"level":"info","message":"User Server running on port http://localhost:3001","service":"user-service","timestamp":"2025-11-28T13:04:25.674Z"}
{"level":"info","message":"Connected to MongoDB","service":"user-service","timestamp":"2025-11-28T13:04:26.094Z"}
{"level":"info","message":"User Server running on port http://localhost:3001","service":"user-service","timestamp":"2025-11-28T13:04:27.159Z"}
{"level":"info","message":"Connected to MongoDB","service":"user-service","timestamp":"2025-11-28T13:04:27.687Z"}
{"level":"info","message":"User Server running on port http://localhost:3001","service":"user-service","timestamp":"2025-11-28T13:04:29.209Z"}
{"level":"info","message":"Connected to MongoDB","service":"user-service","timestamp":"2025-11-28T13:04:29.716Z"}
{"level":"info","message":"User Server running on port http://localhost:3001","service":"user-service","timestamp":"2025-11-28T13:04:34.172Z"}
{"level":"info","message":"Connected to MongoDB","service":"user-service","timestamp":"2025-11-28T13:04:34.695Z"}
{"level":"info","message":"User Server running on port http://localhost:3001","service":"user-service","timestamp":"2025-11-28T13:04:38.432Z"}
{"level":"info","message":"Connected to MongoDB","service":"user-service","timestamp":"2025-11-28T13:04:39.039Z"}
{"level":"info","message":"User Server running on port http://localhost:3001","service":"user-service","timestamp":"2025-11-28T13:05:08.432Z"}
{"level":"info","message":"User Server running on port http://localhost:3001","service":"user-service","timestamp":"2025-11-28T13:05:10.041Z"}
{"level":"info","message":"User Server running on port http://localhost:3001","service":"user-service","timestamp":"2025-11-28T13:05:11.215Z"}
{"level":"info","message":"Connected to MongoDB","service":"user-service","timestamp":"2025-11-28T13:05:12.109Z"}
{"level":"info","message":"User Server running on port http://localhost:3001","service":"user-service","timestamp":"2025-11-28T13:05:20.012Z"}
{"level":"info","message":"Connected to MongoDB","service":"user-service","timestamp":"2025-11-28T13:05:20.953Z"}
{"level":"info","message":"User Server running on port http://localhost:3001","service":"user-service","timestamp":"2025-11-28T13:05:22.699Z"}
{"level":"info","message":"Connected to MongoDB","service":"user-service","timestamp":"2025-11-28T13:05:24.107Z"}
{"level":"info","message":"User Server running on port http://localhost:3001","service":"user-service","timestamp":"2025-11-28T13:05:29.995Z"}
{"level":"info","message":"Connected to MongoDB","service":"user-service","timestamp":"2025-11-28T13:05:31.092Z"}
{"level":"info","message":"User Server running on port http://localhost:3001","service":"user-service","timestamp":"2025-11-28T13:05:33.120Z"}
{"level":"info","message":"Connected to MongoDB","service":"user-service","timestamp":"2025-11-28T13:05:34.258Z"}
{"level":"info","message":"User Server running on port http://localhost:3001","service":"user-service","timestamp":"2025-11-28T13:16:44.650Z"}
{"level":"info","message":"Connected to MongoDB","service":"user-service","timestamp":"2025-11-28T13:16:45.265Z"}
{"level":"info","message":"User Server running on port http://localhost:3001","service":"user-service","timestamp":"2025-11-28T13:16:46.430Z"}
{"level":"info","message":"Connected to MongoDB","service":"user-service","timestamp":"2025-11-28T13:16:46.966Z"}
{"level":"info","message":"User Server running on port http://localhost:3001","service":"user-service","timestamp":"2025-11-28T13:16:48.139Z"}
{"level":"info","message":"Connected to MongoDB","service":"user-service","timestamp":"2025-11-28T13:16:48.684Z"}
{"level":"info","message":"User Server running on port http://localhost:3001","service":"user-service","timestamp":"2025-11-28T13:17:09.595Z"}
{"level":"info","message":"Connected to MongoDB","service":"user-service","timestamp":"2025-11-28T13:17:10.165Z"}
{"level":"info","message":"User Server running on port http://localhost:3001","service":"user-service","timestamp":"2025-11-28T13:17:14.084Z"}
{"level":"info","message":"User Server running on port http://localhost:3001","service":"user-service","timestamp":"2025-11-28T13:17:15.271Z"}
{"level":"info","message":"Connected to MongoDB","service":"user-service","timestamp":"2025-11-28T13:17:15.832Z"}
{"level":"info","message":"User Server running on port http://localhost:3001","service":"user-service","timestamp":"2025-11-28T15:23:22.081Z"}
{"level":"info","message":"Connected to MongoDB","service":"user-service","timestamp":"2025-11-28T15:23:25.306Z"}
{"level":"info","message":"Recieved GET request to /api/auth/refresh","service":"user-service","timestamp":"2025-11-28T15:23:51.361Z"}
{"level":"info","message":"Request body: {\"email\":\"gauravwaghmare2@gmail.com\",\"password\":\"123456789\"}","service":"user-service","timestamp":"2025-11-28T15:23:51.362Z"}
{"level":"info","message":"Refresh token endpoint hit","service":"user-service","timestamp":"2025-11-28T15:23:51.388Z"}
{"level":"info","message":"Recieved GET request to /api/auth/refresh","service":"user-service","timestamp":"2025-11-28T15:24:34.492Z"}
{"level":"info","message":"Request body: {}","service":"user-service","timestamp":"2025-11-28T15:24:34.493Z"}
{"level":"info","message":"Refresh token endpoint hit","service":"user-service","timestamp":"2025-11-28T15:24:34.495Z"}
{"level":"info","message":"Recieved DELETE request to /api/auth/logout","service":"user-service","timestamp":"2025-11-28T15:25:32.656Z"}
{"level":"info","message":"Request body: {}","service":"user-service","timestamp":"2025-11-28T15:25:32.659Z"}
{"level":"info","message":"Logout endpoint hit","service":"user-service","timestamp":"2025-11-28T15:25:32.664Z"}
{"level":"info","message":"User Server running on port http://localhost:3001","service":"user-service","timestamp":"2025-11-29T09:29:01.493Z"}
{"level":"info","message":"Connected to MongoDB","service":"user-service","timestamp":"2025-11-29T09:29:02.757Z"}
{"level":"info","message":"Recieved GET request to /api/auth/login","service":"user-service","timestamp":"2025-11-29T09:29:12.296Z"}
{"level":"info","message":"Request body: {\"email\":\"gauravwaghmare2@gmail.com\",\"password\":\"123456789\"}","service":"user-service","timestamp":"2025-11-29T09:29:12.298Z"}
{"level":"info","message":"Recieved POST request to /api/auth/login","service":"user-service","timestamp":"2025-11-29T09:29:27.697Z"}
{"level":"info","message":"Request body: {\"email\":\"gauravwaghmare2@gmail.com\",\"password\":\"123456789\"}","service":"user-service","timestamp":"2025-11-29T09:29:27.698Z"}
{"level":"info","message":"Login endpoint hit","service":"user-service","timestamp":"2025-11-29T09:29:27.701Z"}
{"level":"info","message":"User logged in successfully: 6927431401357ddb3d0920d9","service":"user-service","timestamp":"2025-11-29T09:29:28.122Z"}
{"level":"info","message":"User Server running on port http://localhost:3001","service":"user-service","timestamp":"2025-11-29T09:45:37.528Z"}
{"level":"info","message":"Connected to MongoDB","service":"user-service","timestamp":"2025-11-29T09:45:38.682Z"}
{"level":"info","message":"User Server running on port http://localhost:3001","service":"user-service","timestamp":"2025-11-29T09:45:40.875Z"}
{"level":"info","message":"Connected to MongoDB","service":"user-service","timestamp":"2025-11-29T09:45:41.511Z"}
{"level":"info","message":"User Server running on port http://localhost:3001","service":"user-service","timestamp":"2025-11-29T09:45:43.879Z"}
{"level":"info","message":"Connected to MongoDB","service":"user-service","timestamp":"2025-11-29T09:45:44.490Z"}
{"level":"info","message":"User Server running on port http://localhost:3001","service":"user-service","timestamp":"2025-11-29T09:45:52.844Z"}
{"level":"info","message":"User Server running on port http://localhost:3001","service":"user-service","timestamp":"2025-11-29T09:45:53.953Z"}
{"level":"info","message":"Connected to MongoDB","service":"user-service","timestamp":"2025-11-29T09:45:54.563Z"}
{"level":"info","message":"User Server running on port http://localhost:3001","service":"user-service","timestamp":"2025-11-29T09:46:01.623Z"}
{"level":"info","message":"Connected to MongoDB","service":"user-service","timestamp":"2025-11-29T09:46:02.130Z"}
{"level":"info","message":"Recieved DELETE request to /api/auth/logout","service":"user-service","timestamp":"2025-11-29T09:46:47.266Z"}
{"level":"info","message":"Request body: {}","service":"user-service","timestamp":"2025-11-29T09:46:47.267Z"}
{"level":"info","message":"Logout endpoint hit","service":"user-service","timestamp":"2025-11-29T09:46:47.272Z"}
{"level":"info","message":"Recieved POST request to /api/auth/login","service":"user-service","timestamp":"2025-11-29T09:46:52.582Z"}
{"level":"info","message":"Request body: {\"email\":\"gauravwaghmare2@gmail.com\",\"password\":\"123456789\"}","service":"user-service","timestamp":"2025-11-29T09:46:52.596Z"}
{"level":"info","message":"Login endpoint hit","service":"user-service","timestamp":"2025-11-29T09:46:52.599Z"}
{"level":"error","message":"Login error: token is not defined","service":"user-service","timestamp":"2025-11-29T09:46:53.013Z"}
{"level":"info","message":"User Server running on port http://localhost:3001","service":"user-service","timestamp":"2025-11-29T09:48:47.211Z"}
{"level":"info","message":"Connected to MongoDB","service":"user-service","timestamp":"2025-11-29T09:48:48.336Z"}
{"level":"info","message":"User Server running on port http://localhost:3001","service":"user-service","timestamp":"2025-11-29T09:48:51.366Z"}
{"level":"info","message":"Connected to MongoDB","service":"user-service","timestamp":"2025-11-29T09:48:51.974Z"}
{"level":"info","message":"User Server running on port http://localhost:3001","service":"user-service","timestamp":"2025-11-29T09:48:53.511Z"}
{"level":"info","message":"Connected to MongoDB","service":"user-service","timestamp":"2025-11-29T09:48:54.135Z"}
{"level":"info","message":"Recieved POST request to /api/auth/login","service":"user-service","timestamp":"2025-11-29T09:48:56.718Z"}
{"level":"info","message":"Request body: {\"email\":\"gauravwaghmare2@gmail.com\",\"password\":\"123456789\"}","service":"user-service","timestamp":"2025-11-29T09:48:56.719Z"}
{"level":"info","message":"Login endpoint hit","service":"user-service","timestamp":"2025-11-29T09:48:56.724Z"}
{"level":"info","message":"User logged in successfully: 6927431401357ddb3d0920d9","service":"user-service","timestamp":"2025-11-29T09:48:56.997Z"}
{"level":"info","message":"User Server running on port http://localhost:3001","service":"user-service","timestamp":"2025-11-29T09:51:15.374Z"}
{"level":"info","message":"Connected to MongoDB","service":"user-service","timestamp":"2025-11-29T09:51:16.074Z"}
{"level":"info","message":"User Server running on port http://localhost:3001","service":"user-service","timestamp":"2025-11-29T09:51:19.163Z"}
{"level":"info","message":"Connected to MongoDB","service":"user-service","timestamp":"2025-11-29T09:51:19.799Z"}
{"level":"info","message":"User Server running on port http://localhost:3001","service":"user-service","timestamp":"2025-11-29T09:51:20.677Z"}
{"level":"info","message":"Connected to MongoDB","service":"user-service","timestamp":"2025-11-29T09:51:21.317Z"}
{"level":"info","message":"Recieved DELETE request to /api/auth/logout","service":"user-service","timestamp":"2025-11-29T09:51:24.748Z"}
{"level":"info","message":"Request body: {}","service":"user-service","timestamp":"2025-11-29T09:51:24.750Z"}
{"level":"info","message":"Logout endpoint hit","service":"user-service","timestamp":"2025-11-29T09:51:24.757Z"}
{"level":"info","message":"Recieved POST request to /api/auth/login","service":"user-service","timestamp":"2025-11-29T09:51:28.967Z"}
{"level":"info","message":"Request body: {\"email\":\"gauravwaghmare2@gmail.com\",\"password\":\"123456789\"}","service":"user-service","timestamp":"2025-11-29T09:51:28.973Z"}
{"level":"info","message":"Login endpoint hit","service":"user-service","timestamp":"2025-11-29T09:51:28.977Z"}
{"level":"info","message":"User logged in successfully: 6927431401357ddb3d0920d9","service":"user-service","timestamp":"2025-11-29T09:51:29.220Z"}
{"level":"info","message":"Recieved DELETE request to /api/auth/logout","service":"user-service","timestamp":"2025-11-29T09:51:45.472Z"}
{"level":"info","message":"Request body: {}","service":"user-service","timestamp":"2025-11-29T09:51:45.479Z"}
{"level":"info","message":"Logout endpoint hit","service":"user-service","timestamp":"2025-11-29T09:51:45.481Z"}
{"level":"info","message":"User Server running on port http://localhost:3001","service":"user-service","timestamp":"2025-11-29T09:51:54.573Z"}
{"level":"info","message":"Connected to MongoDB","service":"user-service","timestamp":"2025-11-29T09:51:55.223Z"}
{"level":"info","message":"User Server running on port http://localhost:3001","service":"user-service","timestamp":"2025-11-29T09:51:58.137Z"}
{"level":"info","message":"Connected to MongoDB","service":"user-service","timestamp":"2025-11-29T09:51:58.808Z"}
{"level":"info","message":"User Server running on port http://localhost:3001","service":"user-service","timestamp":"2025-11-29T09:51:59.986Z"}
{"level":"info","message":"Connected to MongoDB","service":"user-service","timestamp":"2025-11-29T09:52:01.517Z"}
{"level":"info","message":"Recieved POST request to /api/auth/login","service":"user-service","timestamp":"2025-11-29T09:52:07.360Z"}
{"level":"info","message":"Request body: {\"email\":\"gauravwaghmare2@gmail.com\",\"password\":\"123456789\"}","service":"user-service","timestamp":"2025-11-29T09:52:07.361Z"}
{"level":"info","message":"Login endpoint hit","service":"user-service","timestamp":"2025-11-29T09:52:07.377Z"}
{"level":"info","message":"User logged in successfully: 6927431401357ddb3d0920d9","service":"user-service","timestamp":"2025-11-29T09:52:07.621Z"}
{"level":"info","message":"User Server running on port http://localhost:3001","service":"user-service","timestamp":"2025-11-29T09:53:07.705Z"}
{"level":"info","message":"Connected to MongoDB","service":"user-service","timestamp":"2025-11-29T09:53:08.334Z"}
{"level":"info","message":"User Server running on port http://localhost:3001","service":"user-service","timestamp":"2025-11-29T09:53:13.074Z"}
{"level":"info","message":"Connected to MongoDB","service":"user-service","timestamp":"2025-11-29T09:53:13.709Z"}
{"level":"info","message":"User Server running on port http://localhost:3001","service":"user-service","timestamp":"2025-11-29T09:53:14.513Z"}
{"level":"info","message":"Connected to MongoDB","service":"user-service","timestamp":"2025-11-29T09:53:15.278Z"}
{"level":"info","message":"User Server running on port http://localhost:3001","service":"user-service","timestamp":"2025-11-29T09:53:20.804Z"}
{"level":"info","message":"Connected to MongoDB","service":"user-service","timestamp":"2025-11-29T09:53:21.476Z"}
{"level":"info","message":"Recieved DELETE request to /api/auth/logout","service":"user-service","timestamp":"2025-11-29T09:54:25.318Z"}
{"level":"info","message":"Request body: {}","service":"user-service","timestamp":"2025-11-29T09:54:25.320Z"}
{"level":"info","message":"Logout endpoint hit","service":"user-service","timestamp":"2025-11-29T09:54:25.325Z"}
{"level":"info","message":"User Server running on port http://localhost:3001","service":"user-service","timestamp":"2025-11-29T09:55:01.077Z"}
{"level":"info","message":"User Server running on port http://localhost:3001","service":"user-service","timestamp":"2025-11-29T09:55:02.453Z"}
{"level":"info","message":"User Server running on port http://localhost:3001","service":"user-service","timestamp":"2025-11-29T09:55:03.520Z"}
{"level":"info","message":"Connected to MongoDB","service":"user-service","timestamp":"2025-11-29T09:55:04.271Z"}
{"level":"info","message":"User Server running on port http://localhost:3001","service":"user-service","timestamp":"2025-11-29T09:55:12.116Z"}
{"level":"info","message":"Connected to MongoDB","service":"user-service","timestamp":"2025-11-29T09:55:12.737Z"}
{"level":"info","message":"User Server running on port http://localhost:3001","service":"user-service","timestamp":"2025-11-29T09:55:14.215Z"}
{"level":"info","message":"User Server running on port http://localhost:3001","service":"user-service","timestamp":"2025-11-29T09:55:15.374Z"}
{"level":"info","message":"Connected to MongoDB","service":"user-service","timestamp":"2025-11-29T09:55:16.619Z"}
{"level":"info","message":"Recieved POST request to /api/auth/login","service":"user-service","timestamp":"2025-11-29T09:55:21.650Z"}
{"level":"info","message":"Request body: {\"email\":\"gauravwaghmare2@gmail.com\",\"password\":\"123456789\"}","service":"user-service","timestamp":"2025-11-29T09:55:21.652Z"}
{"level":"info","message":"Login endpoint hit","service":"user-service","timestamp":"2025-11-29T09:55:21.658Z"}
{"level":"info","message":"User logged in successfully: 6927431401357ddb3d0920d9","service":"user-service","timestamp":"2025-11-29T09:55:21.941Z"}
{"level":"info","message":"User Server running on port http://localhost:3001","service":"user-service","timestamp":"2025-11-29T09:57:17.184Z"}
{"level":"info","message":"Connected to MongoDB","service":"user-service","timestamp":"2025-11-29T09:57:18.407Z"}
{"level":"info","message":"User Server running on port http://localhost:3001","service":"user-service","timestamp":"2025-11-29T09:57:23.276Z"}
{"level":"info","message":"Connected to MongoDB","service":"user-service","timestamp":"2025-11-29T09:57:23.922Z"}
{"level":"info","message":"User Server running on port http://localhost:3001","service":"user-service","timestamp":"2025-11-29T09:57:25.838Z"}
{"level":"info","message":"Connected to MongoDB","service":"user-service","timestamp":"2025-11-29T09:57:26.606Z"}
{"level":"info","message":"User Server running on port http://localhost:3001","service":"user-service","timestamp":"2025-11-29T09:57:29.378Z"}
{"level":"info","message":"Connected to MongoDB","service":"user-service","timestamp":"2025-11-29T09:57:29.910Z"}
{"level":"info","message":"User Server running on port http://localhost:3001","service":"user-service","timestamp":"2025-11-29T09:57:33.612Z"}
{"level":"info","message":"Connected to MongoDB","service":"user-service","timestamp":"2025-11-29T09:57:34.288Z"}
{"level":"info","message":"User Server running on port http://localhost:3001","service":"user-service","timestamp":"2025-11-29T09:57:36.592Z"}
{"level":"info","message":"Connected to MongoDB","service":"user-service","timestamp":"2025-11-29T09:57:37.401Z"}
{"level":"info","message":"Recieved DELETE request to /api/auth/logout","service":"user-service","timestamp":"2025-11-29T09:57:41.105Z"}
{"level":"info","message":"Request body: {}","service":"user-service","timestamp":"2025-11-29T09:57:41.110Z"}
{"level":"info","message":"Logout endpoint hit","service":"user-service","timestamp":"2025-11-29T09:57:41.115Z"}
{"level":"info","message":"Recieved POST request to /api/auth/login","service":"user-service","timestamp":"2025-11-29T09:57:46.732Z"}
{"level":"info","message":"Request body: {\"email\":\"gauravwaghmare2@gmail.com\",\"password\":\"123456789\"}","service":"user-service","timestamp":"2025-11-29T09:57:46.732Z"}
{"level":"info","message":"Login endpoint hit","service":"user-service","timestamp":"2025-11-29T09:57:46.733Z"}
{"level":"info","message":"User logged in successfully: 6927431401357ddb3d0920d9","service":"user-service","timestamp":"2025-11-29T09:57:47.089Z"}
{"level":"info","message":"Recieved GET request to /api/auth/refresh","service":"user-service","timestamp":"2025-11-29T10:01:22.445Z"}
{"level":"info","message":"Request body: {}","service":"user-service","timestamp":"2025-11-29T10:01:22.449Z"}
{"level":"info","message":"Refresh token endpoint hit","service":"user-service","timestamp":"2025-11-29T10:01:22.451Z"}
{"level":"info","message":"User Server running on port http://localhost:3001","service":"user-service","timestamp":"2025-11-29T10:02:25.967Z"}
{"level":"info","message":"Connected to MongoDB","service":"user-service","timestamp":"2025-11-29T10:02:27.165Z"}
{"level":"info","message":"User Server running on port http://localhost:3001","service":"user-service","timestamp":"2025-11-29T10:02:32.368Z"}
{"level":"info","message":"Connected to MongoDB","service":"user-service","timestamp":"2025-11-29T10:02:33.639Z"}
{"level":"info","message":"Recieved GET request to /api/auth/refresh","service":"user-service","timestamp":"2025-11-29T10:02:39.864Z"}
{"level":"info","message":"Request body: {}","service":"user-service","timestamp":"2025-11-29T10:02:39.869Z"}
{"level":"info","message":"Refresh token endpoint hit","service":"user-service","timestamp":"2025-11-29T10:02:39.875Z"}
{"level":"info","message":"User Server running on port http://localhost:3001","service":"user-service","timestamp":"2025-11-29T10:09:41.448Z"}
{"level":"info","message":"Connected to MongoDB","service":"user-service","timestamp":"2025-11-29T10:09:42.233Z"}
{"level":"info","message":"User Server running on port http://localhost:3001","service":"user-service","timestamp":"2025-11-29T10:09:43.531Z"}
{"level":"info","message":"Connected to MongoDB","service":"user-service","timestamp":"2025-11-29T10:09:44.110Z"}
{"level":"info","message":"User Server running on port http://localhost:3001","service":"user-service","timestamp":"2025-11-29T10:09:45.164Z"}
{"level":"info","message":"Connected to MongoDB","service":"user-service","timestamp":"2025-11-29T10:09:46.122Z"}
{"level":"info","message":"User Server running on port http://localhost:3001","service":"user-service","timestamp":"2025-11-29T10:09:46.966Z"}
{"level":"info","message":"Connected to MongoDB","service":"user-service","timestamp":"2025-11-29T10:09:47.781Z"}
{"level":"info","message":"User Server running on port http://localhost:3001","service":"user-service","timestamp":"2025-11-29T10:09:58.421Z"}
{"level":"info","message":"Connected to MongoDB","service":"user-service","timestamp":"2025-11-29T10:09:59.429Z"}
{"level":"info","message":"Recieved GET request to /api/auth/refresh","service":"user-service","timestamp":"2025-11-29T10:30:06.836Z"}
{"level":"info","message":"Request body: {}","service":"user-service","timestamp":"2025-11-29T10:30:06.837Z"}
{"level":"info","message":"Refresh token endpoint hit","service":"user-service","timestamp":"2025-11-29T10:30:06.843Z"}
{"level":"warn","message":"Refresh token not found in database","service":"user-service","timestamp":"2025-11-29T10:30:06.902Z"}
{"level":"info","message":"Recieved POST request to /api/auth/login","service":"user-service","timestamp":"2025-11-29T10:30:42.979Z"}
{"level":"info","message":"Request body: {\"email\":\"gauravwaghmare2@gmail.com\",\"password\":\"123456789\"}","service":"user-service","timestamp":"2025-11-29T10:30:42.980Z"}
{"level":"info","message":"Login endpoint hit","service":"user-service","timestamp":"2025-11-29T10:30:42.983Z"}
{"level":"info","message":"User logged in successfully: 6927431401357ddb3d0920d9","service":"user-service","timestamp":"2025-11-29T10:30:43.267Z"}
{"level":"info","message":"User Server running on port http://localhost:3001","service":"user-service","timestamp":"2025-11-29T11:51:56.818Z"}
{"level":"info","message":"Connected to MongoDB","service":"user-service","timestamp":"2025-11-29T11:51:57.469Z"}
{"level":"info","message":"Recieved GET request to /api/auth/refresh","service":"user-service","timestamp":"2025-11-29T11:52:02.951Z"}
{"level":"info","message":"Request body: {}","service":"user-service","timestamp":"2025-11-29T11:52:02.953Z"}
{"level":"info","message":"Refresh token endpoint hit","service":"user-service","timestamp":"2025-11-29T11:52:02.958Z"}
{"level":"info","message":"Recieved GET request to /api/auth/refresh","service":"user-service","timestamp":"2025-11-29T12:12:08.710Z"}
{"level":"info","message":"Request body: {}","service":"user-service","timestamp":"2025-11-29T12:12:08.711Z"}
{"level":"info","message":"Refresh token endpoint hit","service":"user-service","timestamp":"2025-11-29T12:12:08.714Z"}
{"level":"warn","message":"Refresh token not found in database","service":"user-service","timestamp":"2025-11-29T12:12:08.768Z"}
{"level":"info","message":"User Server running on port http://localhost:3001","service":"user-service","timestamp":"2025-11-29T12:13:00.055Z"}
{"level":"info","message":"Connected to MongoDB","service":"user-service","timestamp":"2025-11-29T12:13:00.578Z"}
{"level":"info","message":"User Server running on port http://localhost:3001","service":"user-service","timestamp":"2025-11-29T12:13:01.605Z"}
{"level":"info","message":"Connected to MongoDB","service":"user-service","timestamp":"2025-11-29T12:13:02.163Z"}
{"level":"info","message":"User Server running on port http://localhost:3001","service":"user-service","timestamp":"2025-11-29T12:13:20.428Z"}
{"level":"info","message":"Connected to MongoDB","service":"user-service","timestamp":"2025-11-29T12:13:20.949Z"}
{"level":"info","message":"User Server running on port http://localhost:3001","service":"user-service","timestamp":"2025-11-29T12:13:22.017Z"}
{"level":"info","message":"Connected to MongoDB","service":"user-service","timestamp":"2025-11-29T12:13:22.492Z"}
{"level":"info","message":"Recieved GET request to /api/auth/refresh","service":"user-service","timestamp":"2025-11-29T12:13:26.686Z"}
{"level":"info","message":"Request body: {}","service":"user-service","timestamp":"2025-11-29T12:13:26.688Z"}
{"level":"info","message":"Refresh token endpoint hit","service":"user-service","timestamp":"2025-11-29T12:13:26.693Z"}
{"level":"warn","message":"Refresh token not found in database","service":"user-service","timestamp":"2025-11-29T12:13:26.799Z"}
{"level":"info","message":"Recieved POST request to /api/auth/login","service":"user-service","timestamp":"2025-11-29T12:15:53.591Z"}
{"level":"info","message":"Request body: {\"email\":\"gauravwaghmare2@gmail.com\",\"password\":\"123456789\"}","service":"user-service","timestamp":"2025-11-29T12:15:53.592Z"}
{"level":"info","message":"Login endpoint hit","service":"user-service","timestamp":"2025-11-29T12:15:53.595Z"}
{"level":"info","message":"User logged in successfully: 6927431401357ddb3d0920d9","service":"user-service","timestamp":"2025-11-29T12:15:53.828Z"}
{"level":"info","message":"User Server running on port http://localhost:3001","service":"user-service","timestamp":"2025-11-29T15:20:22.793Z"}
{"level":"info","message":"Connected to MongoDB","service":"user-service","timestamp":"2025-11-29T15:20:24.585Z"}
{"level":"info","message":"Recieved GET request to /api/auth/refresh","service":"user-service","timestamp":"2025-11-29T15:21:01.241Z"}
{"level":"info","message":"Request body: {}","service":"user-service","timestamp":"2025-11-29T15:21:01.242Z"}
{"level":"info","message":"Refresh token endpoint hit","service":"user-service","timestamp":"2025-11-29T15:21:01.247Z"}
{"level":"info","message":"Recieved GET request to /api/auth/refresh","service":"user-service","timestamp":"2025-11-29T16:15:32.401Z"}
{"level":"info","message":"Request body: {}","service":"user-service","timestamp":"2025-11-29T16:15:32.407Z"}
{"level":"info","message":"Refresh token endpoint hit","service":"user-service","timestamp":"2025-11-29T16:15:32.412Z"}
{"level":"warn","message":"Refresh token not found in database","service":"user-service","timestamp":"2025-11-29T16:15:32.692Z"}
{"level":"info","message":"Recieved POST request to /api/auth/login","service":"user-service","timestamp":"2025-11-29T16:16:16.080Z"}
{"level":"info","message":"Request body: {\"email\":\"gauravwaghmare2@gmail.com\",\"password\":\"123456789\"}","service":"user-service","timestamp":"2025-11-29T16:16:16.081Z"}
{"level":"info","message":"Login endpoint hit","service":"user-service","timestamp":"2025-11-29T16:16:16.083Z"}
{"level":"info","message":"User logged in successfully: 6927431401357ddb3d0920d9","service":"user-service","timestamp":"2025-11-29T16:16:16.694Z"}
{"level":"info","message":"User Server running on port http://localhost:3001","service":"user-service","timestamp":"2025-11-29T16:19:21.917Z"}
{"level":"info","message":"Connected to MongoDB","service":"user-service","timestamp":"2025-11-29T16:19:22.832Z"}
{"level":"info","message":"User Server running on port http://localhost:3001","service":"user-service","timestamp":"2025-11-29T16:21:29.812Z"}
{"level":"info","message":"Connected to MongoDB","service":"user-service","timestamp":"2025-11-29T16:21:31.648Z"}
{"level":"info","message":"User Server running on port http://localhost:3001","service":"user-service","timestamp":"2025-11-29T16:21:35.470Z"}
{"level":"info","message":"Connected to MongoDB","service":"user-service","timestamp":"2025-11-29T16:21:36.308Z"}
{"level":"info","message":"User Server running on port http://localhost:3001","service":"user-service","timestamp":"2025-11-29T17:19:13.026Z"}
{"level":"info","message":"Connected to MongoDB","service":"user-service","timestamp":"2025-11-29T17:19:13.556Z"}
{"level":"info","message":"Recieved DELETE request to /api/auth/logout","service":"user-service","timestamp":"2025-11-29T17:19:16.011Z"}
{"level":"info","message":"Request body: {}","service":"user-service","timestamp":"2025-11-29T17:19:16.013Z"}
{"level":"info","message":"Logout endpoint hit","service":"user-service","timestamp":"2025-11-29T17:19:16.019Z"}
{"level":"info","message":"Recieved POST request to /api/auth/register","service":"user-service","timestamp":"2025-11-29T17:19:31.445Z"}
{"level":"info","message":"Request body: {\"username\":\"gauravwaghmare5\",\"email\":\"gauravwaghmare5@gmail.com\",\"password\":\"123456789\"}","service":"user-service","timestamp":"2025-11-29T17:19:31.454Z"}
{"level":"info","message":"Registration endpoint hit","service":"user-service","timestamp":"2025-11-29T17:19:31.467Z"}
{"level":"info","message":"User registered successfully: 692b2b2380118fdea8c12588","service":"user-service","timestamp":"2025-11-29T17:19:31.739Z"}
{"level":"info","message":"Recieved GET request to /api/auth/refresh","service":"user-service","timestamp":"2025-11-29T17:39:18.431Z"}
{"level":"info","message":"Request body: {}","service":"user-service","timestamp":"2025-11-29T17:39:18.432Z"}
{"level":"info","message":"Refresh token endpoint hit","service":"user-service","timestamp":"2025-11-29T17:39:18.433Z"}
{"level":"info","message":"Tokens refreshed for user: 692b2b2380118fdea8c12588","service":"user-service","timestamp":"2025-11-29T17:39:18.770Z"}
{"level":"info","message":"User Server running on port http://localhost:3001","service":"user-service","timestamp":"2025-11-30T07:50:53.814Z"}
{"level":"info","message":"Connected to MongoDB","service":"user-service","timestamp":"2025-11-30T07:50:54.449Z"}
{"level":"info","message":"Recieved POST request to /api/auth/register","service":"user-service","timestamp":"2025-11-30T07:51:17.953Z"}
{"level":"info","message":"Request body: {\"username\":\"gauravwaghmare1\",\"email\":\"gauravwaghmare1@gmail.com\",\"password\":\"123456789\"}","service":"user-service","timestamp":"2025-11-30T07:51:17.954Z"}
{"level":"info","message":"Registration endpoint hit","service":"user-service","timestamp":"2025-11-30T07:51:17.964Z"}
{"level":"info","message":"User registered successfully: 692bf776426b78b1b0a727b1","service":"user-service","timestamp":"2025-11-30T07:51:18.313Z"}
{"level":"info","message":"Recieved DELETE request to /api/auth/logout","service":"user-service","timestamp":"2025-11-30T07:51:47.231Z"}
{"level":"info","message":"Request body: {}","service":"user-service","timestamp":"2025-11-30T07:51:47.239Z"}
{"level":"info","message":"Logout endpoint hit","service":"user-service","timestamp":"2025-11-30T07:51:47.241Z"}
{"level":"info","message":"Recieved POST request to /api/auth/register","service":"user-service","timestamp":"2025-11-30T07:51:56.546Z"}
{"level":"info","message":"Request body: {\"username\":\"gauravwaghmare2\",\"email\":\"gauravwaghmare2@gmail.com\",\"password\":\"123456789\"}","service":"user-service","timestamp":"2025-11-30T07:51:56.546Z"}
{"level":"info","message":"Registration endpoint hit","service":"user-service","timestamp":"2025-11-30T07:51:56.550Z"}
{"level":"info","message":"User registered successfully: 692bf79c426b78b1b0a727b8","service":"user-service","timestamp":"2025-11-30T07:51:56.776Z"}
{"level":"info","message":"Recieved DELETE request to /api/auth/logout","service":"user-service","timestamp":"2025-11-30T07:53:04.722Z"}
{"level":"info","message":"Request body: {}","service":"user-service","timestamp":"2025-11-30T07:53:04.722Z"}
{"level":"info","message":"Logout endpoint hit","service":"user-service","timestamp":"2025-11-30T07:53:04.723Z"}
{"level":"info","message":"Recieved POST request to /api/auth/register","service":"user-service","timestamp":"2025-11-30T07:53:21.376Z"}
{"level":"info","message":"Request body: {\"username\":\"gauravwaghmare3\",\"email\":\"gauravwaghmare3@gmail.com\",\"password\":\"123456789\"}","service":"user-service","timestamp":"2025-11-30T07:53:21.383Z"}
{"level":"info","message":"Registration endpoint hit","service":"user-service","timestamp":"2025-11-30T07:53:21.386Z"}
{"level":"info","message":"User registered successfully: 692bf7f1426b78b1b0a727bf","service":"user-service","timestamp":"2025-11-30T07:53:21.659Z"}
{"level":"info","message":"Recieved DELETE request to /api/auth/logout","service":"user-service","timestamp":"2025-11-30T07:54:52.034Z"}
{"level":"info","message":"Request body: {}","service":"user-service","timestamp":"2025-11-30T07:54:52.034Z"}
{"level":"info","message":"Logout endpoint hit","service":"user-service","timestamp":"2025-11-30T07:54:52.036Z"}
{"level":"info","message":"Recieved POST request to /api/auth/register","service":"user-service","timestamp":"2025-11-30T07:55:00.098Z"}
{"level":"info","message":"Request body: {\"username\":\"gauravwaghmare4\",\"email\":\"gauravwaghmare4@gmail.com\",\"password\":\"123456789\"}","service":"user-service","timestamp":"2025-11-30T07:55:00.106Z"}
{"level":"info","message":"Registration endpoint hit","service":"user-service","timestamp":"2025-11-30T07:55:00.109Z"}
{"level":"info","message":"User registered successfully: 692bf854426b78b1b0a727c6","service":"user-service","timestamp":"2025-11-30T07:55:00.337Z"}
{"level":"info","message":"Recieved DELETE request to /api/auth/logout","service":"user-service","timestamp":"2025-11-30T07:56:28.084Z"}
{"level":"info","message":"Request body: {}","service":"user-service","timestamp":"2025-11-30T07:56:28.085Z"}
{"level":"info","message":"Logout endpoint hit","service":"user-service","timestamp":"2025-11-30T07:56:28.085Z"}
{"level":"info","message":"Recieved POST request to /api/auth/register","service":"user-service","timestamp":"2025-11-30T07:56:36.595Z"}
{"level":"info","message":"Request body: {\"username\":\"gauravwaghmare5\",\"email\":\"gauravwaghmare5@gmail.com\",\"password\":\"123456789\"}","service":"user-service","timestamp":"2025-11-30T07:56:36.599Z"}
{"level":"info","message":"Registration endpoint hit","service":"user-service","timestamp":"2025-11-30T07:56:36.602Z"}
{"level":"info","message":"User registered successfully: 692bf8b4426b78b1b0a727cd","service":"user-service","timestamp":"2025-11-30T07:56:36.876Z"}
{"level":"info","message":"Recieved DELETE request to /api/auth/logout","service":"user-service","timestamp":"2025-11-30T08:00:04.568Z"}
{"level":"info","message":"Request body: {}","service":"user-service","timestamp":"2025-11-30T08:00:04.568Z"}
{"level":"info","message":"Logout endpoint hit","service":"user-service","timestamp":"2025-11-30T08:00:04.569Z"}
{"level":"info","message":"Recieved GET request to /api/auth/login","service":"user-service","timestamp":"2025-11-30T08:00:11.339Z"}
{"level":"info","message":"Request body: {\"email\":\"gauravwaghmare1@gmail.com\",\"password\":\"123456789\"}","service":"user-service","timestamp":"2025-11-30T08:00:11.340Z"}
{"level":"info","message":"Recieved POST request to /api/auth/login","service":"user-service","timestamp":"2025-11-30T08:00:18.893Z"}
{"level":"info","message":"Request body: {\"email\":\"gauravwaghmare1@gmail.com\",\"password\":\"123456789\"}","service":"user-service","timestamp":"2025-11-30T08:00:18.901Z"}
{"level":"info","message":"Login endpoint hit","service":"user-service","timestamp":"2025-11-30T08:00:18.903Z"}
{"level":"info","message":"User logged in successfully: 692bf776426b78b1b0a727b1","service":"user-service","timestamp":"2025-11-30T08:00:19.100Z"}
{"level":"info","message":"User Server running on port http://localhost:3001","service":"user-service","timestamp":"2025-11-30T08:01:53.014Z"}
{"level":"info","message":"Connected to MongoDB","service":"user-service","timestamp":"2025-11-30T08:01:53.670Z"}
{"level":"info","message":"User Server running on port http://localhost:3001","service":"user-service","timestamp":"2025-11-30T16:46:47.740Z"}
{"level":"info","message":"Connected to MongoDB","service":"user-service","timestamp":"2025-11-30T16:46:52.567Z"}
{"level":"info","message":"Recieved GET request to /api/auth/refresh","service":"user-service","timestamp":"2025-11-30T17:12:33.484Z"}
{"level":"info","message":"Request body: {}","service":"user-service","timestamp":"2025-11-30T17:12:33.485Z"}
{"level":"info","message":"Refresh token endpoint hit","service":"user-service","timestamp":"2025-11-30T17:12:33.490Z"}
{"level":"info","message":"Tokens refreshed for user: 692bf776426b78b1b0a727b1","service":"user-service","timestamp":"2025-11-30T17:12:33.911Z"}
{"level":"info","message":"Recieved DELETE request to /api/auth/logout","service":"user-service","timestamp":"2025-11-30T17:22:37.629Z"}
{"level":"info","message":"Request body: {}","service":"user-service","timestamp":"2025-11-30T17:22:37.630Z"}
{"level":"info","message":"Logout endpoint hit","service":"user-service","timestamp":"2025-11-30T17:22:37.637Z"}
{"level":"info","message":"Recieved POST request to /api/auth/login","service":"user-service","timestamp":"2025-11-30T17:22:44.353Z"}
{"level":"info","message":"Request body: {\"email\":\"gauravwaghmare2@gmail.com\",\"password\":\"123456789\"}","service":"user-service","timestamp":"2025-11-30T17:22:44.353Z"}
{"level":"info","message":"Login endpoint hit","service":"user-service","timestamp":"2025-11-30T17:22:44.355Z"}
{"level":"info","message":"User logged in successfully: 692bf79c426b78b1b0a727b8","service":"user-service","timestamp":"2025-11-30T17:22:45.173Z"}
{"level":"info","message":"Recieved DELETE request to /api/auth/logout","service":"user-service","timestamp":"2025-11-30T17:22:55.265Z"}
{"level":"info","message":"Request body: {}","service":"user-service","timestamp":"2025-11-30T17:22:55.265Z"}
{"level":"info","message":"Logout endpoint hit","service":"user-service","timestamp":"2025-11-30T17:22:55.267Z"}
{"level":"info","message":"Recieved POST request to /api/auth/login","service":"user-service","timestamp":"2025-11-30T17:23:01.730Z"}
{"level":"info","message":"Request body: {\"email\":\"gauravwaghmare3@gmail.com\",\"password\":\"123456789\"}","service":"user-service","timestamp":"2025-11-30T17:23:01.731Z"}
{"level":"info","message":"Login endpoint hit","service":"user-service","timestamp":"2025-11-30T17:23:01.733Z"}
{"level":"info","message":"User logged in successfully: 692bf7f1426b78b1b0a727bf","service":"user-service","timestamp":"2025-11-30T17:23:02.317Z"}
{"level":"info","message":"Recieved DELETE request to /api/auth/logout","service":"user-service","timestamp":"2025-11-30T17:23:12.596Z"}
{"level":"info","message":"Request body: {}","service":"user-service","timestamp":"2025-11-30T17:23:12.596Z"}
{"level":"info","message":"Logout endpoint hit","service":"user-service","timestamp":"2025-11-30T17:23:12.598Z"}
{"level":"info","message":"Recieved DELETE request to /api/auth/logout","service":"user-service","timestamp":"2025-11-30T17:26:47.107Z"}
{"level":"info","message":"Request body: {}","service":"user-service","timestamp":"2025-11-30T17:26:47.107Z"}
{"level":"info","message":"Logout endpoint hit","service":"user-service","timestamp":"2025-11-30T17:26:47.109Z"}
{"level":"warn","message":"Refresh token not found","service":"user-service","timestamp":"2025-11-30T17:26:47.109Z"}
{"level":"info","message":"Recieved POST request to /api/auth/login","service":"user-service","timestamp":"2025-11-30T17:27:02.850Z"}
{"level":"info","message":"Request body: {\"email\":\"gauravwaghmare5@gmail.com\",\"password\":\"123456789\"}","service":"user-service","timestamp":"2025-11-30T17:27:02.850Z"}
{"level":"info","message":"Login endpoint hit","service":"user-service","timestamp":"2025-11-30T17:27:02.851Z"}
{"level":"info","message":"User logged in successfully: 692bf8b4426b78b1b0a727cd","service":"user-service","timestamp":"2025-11-30T17:27:03.412Z"}
{"level":"info","message":"Recieved GET request to /api/auth/refresh","service":"user-service","timestamp":"2025-11-30T18:03:47.372Z"}
{"level":"info","message":"Request body: {}","service":"user-service","timestamp":"2025-11-30T18:03:47.373Z"}
{"level":"info","message":"Refresh token endpoint hit","service":"user-service","timestamp":"2025-11-30T18:03:47.375Z"}
{"level":"info","message":"Tokens refreshed for user: 692bf8b4426b78b1b0a727cd","service":"user-service","timestamp":"2025-11-30T18:03:47.635Z"}
{"level":"info","message":"User Server running on port http://localhost:3001","service":"user-service","timestamp":"2025-11-30T18:15:41.574Z"}
{"level":"info","message":"Connected to MongoDB","service":"user-service","timestamp":"2025-11-30T18:15:41.983Z"}
